+ source /etc/profile.d/modules.sh
++ . /etc/sysconfig/modules/init.sh
+++ '[' -z 1 ']'
++ '[' 1 = 0 ']'
++ . /etc/sysconfig/modules/lmod/00-modulepath.sh
+++ '[' 1 = 1 ']'
+++ '[' -z /cm/local/modulefiles:/etc/modulefiles:/usr/share/modulefiles:/usr/share/Modules/modulefiles:/cm/shared/modulefiles ']'
++ . /etc/sysconfig/modules/lmod/z00-lmod.sh
+++ '[' 1 = 1 ']'
+++ '[' -z '' ']'
+++ '[' -z /usr/share/modulefiles ']'
++++ /usr/bin/which ps
+++ PS_COMMAND=/usr/bin/ps
++++ /usr/bin/which basename
+++ BASENAME_COMMAND=/usr/bin/basename
++++ /usr/bin/which expr
+++ EXPR_COMMAND=/usr/bin/expr
++++ /usr/bin/ps -p 3647422 -ocomm=
+++ my_shell=slurm_script
++++ /usr/bin/expr slurm_script : '-*\(.*\)'
+++ my_shell=slurm_script
++++ /usr/bin/basename slurm_script
+++ my_shell=slurm_script
+++ '[' -f /usr/share/lmod/lmod/init/slurm_script ']'
+++ . /usr/share/lmod/lmod/init/sh
++++ LMOD_ROOT=/usr/share/lmod
++++ LMOD_PKG=/usr/share/lmod/lmod
++++ LMOD_DIR=/usr/share/lmod/lmod/libexec/
++++ LMOD_CMD=/usr/share/lmod/lmod/libexec/lmod
++++ MODULESHOME=/usr/share/lmod/lmod
++++ export LMOD_CMD
++++ export LMOD_PKG
++++ export LMOD_DIR
++++ export MODULESHOME
++++ export LMOD_DIR
+++ unset my_shell
++ . /etc/sysconfig/modules/lmod/z01-default_modules.sh
+++ '[' 1 = 1 ']'
+++ '[' -z 1 ']'
+++ module refresh
++++ /usr/share/lmod/lmod/libexec/lmod sh refresh
+++ eval 'MODULEPATH=/cm/local/modulefiles:/etc/modulefiles:/usr/share/modulefiles:/usr/share/Modules/modulefiles:/cm/shared/modulefiles;' export 'MODULEPATH;' '_ModuleTable001_=X01vZHVsZVRhYmxlXz17WyJNVHZlcnNpb24iXT0zLFsiY19yZWJ1aWxkVGltZSJdPWZhbHNlLFsiY19zaG9ydFRpbWUiXT1mYWxzZSxkZXB0aFQ9e30sZmFtaWx5PXt9LG1UPXtEZWZhdWx0TW9kdWxlcz17WyJmbiJdPSIvdXNyL3NoYXJlL21vZHVsZWZpbGVzL0RlZmF1bHRNb2R1bGVzLmx1YSIsWyJmdWxsTmFtZSJdPSJEZWZhdWx0TW9kdWxlcyIsWyJsb2FkT3JkZXIiXT0yLHByb3BUPXt9LFsic3RhY2tEZXB0aCJdPTAsWyJzdGF0dXMiXT0iYWN0aXZlIixbInVzZXJOYW1lIl09IkRlZmF1bHRNb2R1bGVzIixbIndWIl09Ik0uKnpmaW5hbCIsfSxbImFtaC1weXRob24tZXh0cmEtcHkzOS1nY2M5Il09e1siZm4iXT0iL2NtL3NoYXJlZC9tb2R1bGVmaWxlcy9hbWgtcHl0aG9u;' export '_ModuleTable001_;' '_ModuleTable002_=LWV4dHJhLXB5MzktZ2NjOS8wLjAuMS5sdWEiLFsiZnVsbE5hbWUiXT0iYW1oLXB5dGhvbi1leHRyYS1weTM5LWdjYzkvMC4wLjEiLFsibG9hZE9yZGVyIl09NCxwcm9wVD17fSxbInN0YWNrRGVwdGgiXT0wLFsic3RhdHVzIl09ImFjdGl2ZSIsWyJ1c2VyTmFtZSJdPSJhbWgtcHl0aG9uLWV4dHJhLXB5MzktZ2NjOSIsWyJ3ViJdPSIwMDAwMDAwMDAuMDAwMDAwMDAwLjAwMDAwMDAwMS4qemZpbmFsIix9LGdjYz17WyJmbiJdPSIvY20vbG9jYWwvbW9kdWxlZmlsZXMvZ2NjLzExLjIuMCIsWyJmdWxsTmFtZSJdPSJnY2MvMTEuMi4wIixbImxvYWRPcmRlciJdPTUscHJvcFQ9e30sWyJzdGFja0RlcHRoIl09MCxbInN0YXR1cyJdPSJhY3RpdmUiLFsidXNlck5hbWUiXT0iZ2NjIixb;' export '_ModuleTable002_;' '_ModuleTable003_=IndWIl09IjAwMDAwMDAxMS4wMDAwMDAwMDIuKnpmaW5hbCIsfSxweXRob24zOT17WyJmbiJdPSIvY20vbG9jYWwvbW9kdWxlZmlsZXMvcHl0aG9uMzkiLFsiZnVsbE5hbWUiXT0icHl0aG9uMzkiLFsibG9hZE9yZGVyIl09Myxwcm9wVD17fSxbInJlZl9jb3VudCJdPTEsWyJzdGFja0RlcHRoIl09MSxbInN0YXR1cyJdPSJhY3RpdmUiLFsidXNlck5hbWUiXT0icHl0aG9uMzkiLFsid1YiXT0iTS4qemZpbmFsIix9LHNoYXJlZD17WyJmbiJdPSIvY20vbG9jYWwvbW9kdWxlZmlsZXMvc2hhcmVkIixbImZ1bGxOYW1lIl09InNoYXJlZCIsWyJsb2FkT3JkZXIiXT0xLHByb3BUPXt9LFsic3RhY2tEZXB0aCJdPTEsWyJzdGF0dXMiXT0iYWN0aXZlIixbInVzZXJOYW1lIl09InNoYXJl;' export '_ModuleTable003_;' '_ModuleTable004_=ZCIsWyJ3ViJdPSJNLip6ZmluYWwiLH0sc2x1cm09e1siZm4iXT0iL2NtL2xvY2FsL21vZHVsZWZpbGVzL3NsdXJtL3NsdXJtLzIzLjAyLjIiLFsiZnVsbE5hbWUiXT0ic2x1cm0vc2x1cm0vMjMuMDIuMiIsWyJsb2FkT3JkZXIiXT02LHByb3BUPXt9LFsic3RhY2tEZXB0aCJdPTAsWyJzdGF0dXMiXT0iYWN0aXZlIixbInVzZXJOYW1lIl09InNsdXJtIixbIndWIl09IipzbHVybS8wMDAwMDAwMjMuMDAwMDAwMDAyLjAwMDAwMDAwMi4qemZpbmFsIix9LH0sbXBhdGhBPXsiL2NtL2xvY2FsL21vZHVsZWZpbGVzIiwiL2V0Yy9tb2R1bGVmaWxlcyIsIi91c3Ivc2hhcmUvbW9kdWxlZmlsZXMiLCIvdXNyL3NoYXJlL01vZHVsZXMvbW9kdWxlZmlsZXMiLCIvY20vc2hhcmVkL21vZHVs;' export '_ModuleTable004_;' '_ModuleTable005_=ZWZpbGVzIix9LFsic3lzdGVtQmFzZU1QQVRIIl09Ii9jbS9sb2NhbC9tb2R1bGVmaWxlczovY20vc2hhcmVkL21vZHVsZWZpbGVzOi9ldGMvbW9kdWxlZmlsZXM6L3Vzci9zaGFyZS9tb2R1bGVmaWxlczovdXNyL3NoYXJlL01vZHVsZXMvbW9kdWxlZmlsZXMiLH0=;' export '_ModuleTable005_;' '_ModuleTable_Sz_=5;' export '_ModuleTable_Sz_;'
++++ MODULEPATH=/cm/local/modulefiles:/etc/modulefiles:/usr/share/modulefiles:/usr/share/Modules/modulefiles:/cm/shared/modulefiles
++++ export MODULEPATH
++++ _ModuleTable001_=X01vZHVsZVRhYmxlXz17WyJNVHZlcnNpb24iXT0zLFsiY19yZWJ1aWxkVGltZSJdPWZhbHNlLFsiY19zaG9ydFRpbWUiXT1mYWxzZSxkZXB0aFQ9e30sZmFtaWx5PXt9LG1UPXtEZWZhdWx0TW9kdWxlcz17WyJmbiJdPSIvdXNyL3NoYXJlL21vZHVsZWZpbGVzL0RlZmF1bHRNb2R1bGVzLmx1YSIsWyJmdWxsTmFtZSJdPSJEZWZhdWx0TW9kdWxlcyIsWyJsb2FkT3JkZXIiXT0yLHByb3BUPXt9LFsic3RhY2tEZXB0aCJdPTAsWyJzdGF0dXMiXT0iYWN0aXZlIixbInVzZXJOYW1lIl09IkRlZmF1bHRNb2R1bGVzIixbIndWIl09Ik0uKnpmaW5hbCIsfSxbImFtaC1weXRob24tZXh0cmEtcHkzOS1nY2M5Il09e1siZm4iXT0iL2NtL3NoYXJlZC9tb2R1bGVmaWxlcy9hbWgtcHl0aG9u
++++ export _ModuleTable001_
++++ _ModuleTable002_=LWV4dHJhLXB5MzktZ2NjOS8wLjAuMS5sdWEiLFsiZnVsbE5hbWUiXT0iYW1oLXB5dGhvbi1leHRyYS1weTM5LWdjYzkvMC4wLjEiLFsibG9hZE9yZGVyIl09NCxwcm9wVD17fSxbInN0YWNrRGVwdGgiXT0wLFsic3RhdHVzIl09ImFjdGl2ZSIsWyJ1c2VyTmFtZSJdPSJhbWgtcHl0aG9uLWV4dHJhLXB5MzktZ2NjOSIsWyJ3ViJdPSIwMDAwMDAwMDAuMDAwMDAwMDAwLjAwMDAwMDAwMS4qemZpbmFsIix9LGdjYz17WyJmbiJdPSIvY20vbG9jYWwvbW9kdWxlZmlsZXMvZ2NjLzExLjIuMCIsWyJmdWxsTmFtZSJdPSJnY2MvMTEuMi4wIixbImxvYWRPcmRlciJdPTUscHJvcFQ9e30sWyJzdGFja0RlcHRoIl09MCxbInN0YXR1cyJdPSJhY3RpdmUiLFsidXNlck5hbWUiXT0iZ2NjIixb
++++ export _ModuleTable002_
++++ _ModuleTable003_=IndWIl09IjAwMDAwMDAxMS4wMDAwMDAwMDIuKnpmaW5hbCIsfSxweXRob24zOT17WyJmbiJdPSIvY20vbG9jYWwvbW9kdWxlZmlsZXMvcHl0aG9uMzkiLFsiZnVsbE5hbWUiXT0icHl0aG9uMzkiLFsibG9hZE9yZGVyIl09Myxwcm9wVD17fSxbInJlZl9jb3VudCJdPTEsWyJzdGFja0RlcHRoIl09MSxbInN0YXR1cyJdPSJhY3RpdmUiLFsidXNlck5hbWUiXT0icHl0aG9uMzkiLFsid1YiXT0iTS4qemZpbmFsIix9LHNoYXJlZD17WyJmbiJdPSIvY20vbG9jYWwvbW9kdWxlZmlsZXMvc2hhcmVkIixbImZ1bGxOYW1lIl09InNoYXJlZCIsWyJsb2FkT3JkZXIiXT0xLHByb3BUPXt9LFsic3RhY2tEZXB0aCJdPTEsWyJzdGF0dXMiXT0iYWN0aXZlIixbInVzZXJOYW1lIl09InNoYXJl
++++ export _ModuleTable003_
++++ _ModuleTable004_=ZCIsWyJ3ViJdPSJNLip6ZmluYWwiLH0sc2x1cm09e1siZm4iXT0iL2NtL2xvY2FsL21vZHVsZWZpbGVzL3NsdXJtL3NsdXJtLzIzLjAyLjIiLFsiZnVsbE5hbWUiXT0ic2x1cm0vc2x1cm0vMjMuMDIuMiIsWyJsb2FkT3JkZXIiXT02LHByb3BUPXt9LFsic3RhY2tEZXB0aCJdPTAsWyJzdGF0dXMiXT0iYWN0aXZlIixbInVzZXJOYW1lIl09InNsdXJtIixbIndWIl09IipzbHVybS8wMDAwMDAwMjMuMDAwMDAwMDAyLjAwMDAwMDAwMi4qemZpbmFsIix9LH0sbXBhdGhBPXsiL2NtL2xvY2FsL21vZHVsZWZpbGVzIiwiL2V0Yy9tb2R1bGVmaWxlcyIsIi91c3Ivc2hhcmUvbW9kdWxlZmlsZXMiLCIvdXNyL3NoYXJlL01vZHVsZXMvbW9kdWxlZmlsZXMiLCIvY20vc2hhcmVkL21vZHVs
++++ export _ModuleTable004_
++++ _ModuleTable005_=ZWZpbGVzIix9LFsic3lzdGVtQmFzZU1QQVRIIl09Ii9jbS9sb2NhbC9tb2R1bGVmaWxlczovY20vc2hhcmVkL21vZHVsZWZpbGVzOi9ldGMvbW9kdWxlZmlsZXM6L3Vzci9zaGFyZS9tb2R1bGVmaWxlczovdXNyL3NoYXJlL01vZHVsZXMvbW9kdWxlZmlsZXMiLH0=
++++ export _ModuleTable005_
++++ _ModuleTable_Sz_=5
++++ export _ModuleTable_Sz_
+ module load shared slurm jupyter-eg-kernel-wlm-py39 amh-python-extra-py39-gcc9/
++ /usr/share/lmod/lmod/libexec/lmod sh load shared slurm jupyter-eg-kernel-wlm-py39 amh-python-extra-py39-gcc9/
+ eval 'CMD_WLM_CLUSTER_NAME=slurm;' export 'CMD_WLM_CLUSTER_NAME;' '__LMOD_REF_COUNT_CPATH=/cm/local/apps/python39/include:1\;/cm/shared/apps/slurm/current/include:1;' export '__LMOD_REF_COUNT_CPATH;' 'CPATH=/cm/local/apps/python39/include:/cm/shared/apps/slurm/current/include;' export 'CPATH;' 'LD_LIBRARY_PATH=/cm/shared/apps/slurm/current/lib64/slurm:/cm/shared/apps/slurm/current/lib64:/cm/local/apps/gcc/11.2.0/lib:/cm/local/apps/gcc/11.2.0/lib64:/cm/local/apps/gcc/11.2.0/lib32;' export 'LD_LIBRARY_PATH;' '__LMOD_REF_COUNT_LIBRARY_PATH=/cm/local/apps/python39/lib:1\;/cm/shared/apps/slurm/current/lib64/slurm:1\;/cm/shared/apps/slurm/current/lib64:1;' export '__LMOD_REF_COUNT_LIBRARY_PATH;' 'LIBRARY_PATH=/cm/local/apps/python39/lib:/cm/shared/apps/slurm/current/lib64/slurm:/cm/shared/apps/slurm/current/lib64;' export 'LIBRARY_PATH;' '__LMOD_REF_COUNT_LOADEDMODULES=DefaultModules:1\;gcc/11.2.0:1\;shared:1\;slurm/slurm/23.02.2:1\;jupyter-eg-kernel-wlm-py39/3.0.1:1\;python39:1\;amh-python-extra-py39-gcc9/0.0.1:1;' export '__LMOD_REF_COUNT_LOADEDMODULES;' 'LOADEDMODULES=DefaultModules:gcc/11.2.0:shared:slurm/slurm/23.02.2:jupyter-eg-kernel-wlm-py39/3.0.1:python39:amh-python-extra-py39-gcc9/0.0.1;' export 'LOADEDMODULES;' '__LMOD_REF_COUNT_MANPATH=/cm/local/apps/python39/share/man:1\;/cm/shared/apps/slurm/current/man:1\;/usr/share/lmod/lmod/share/man:1\;/cm/shared/apps/amh-conda/man:1\;/usr/local/share/man:1\;/usr/share/man:1\;/cm/local/apps/environment-modules/current/share/man:1;' export '__LMOD_REF_COUNT_MANPATH;' 'MANPATH=/cm/local/apps/python39/share/man:/cm/shared/apps/slurm/current/man:/usr/share/lmod/lmod/share/man:/cm/shared/apps/amh-conda/man:/usr/local/share/man:/usr/share/man:/cm/local/apps/environment-modules/current/share/man;' export 'MANPATH;' 'MODULEPATH=/cm/local/modulefiles:/etc/modulefiles:/usr/share/modulefiles:/usr/share/Modules/modulefiles:/cm/shared/modulefiles;' export 'MODULEPATH;' '__LMOD_REF_COUNT_PATH=/cm/shared/apps/amh-python-extra-py39-gcc9/0.0.1/bin:1\;/cm/local/apps/python39/bin:1\;/cm/shared/apps/jupyter-eg-kernel-wlm-py39/3.0.1/bin:1\;/cm/shared/apps/slurm/current/sbin:1\;/cm/shared/apps/slurm/current/bin:1\;/cm/local/apps/gcc/11.2.0/bin:1\;/home/dasienga24/.local/bin:1\;/home/dasienga24/bin:1\;/cm/shared/amherst-bin:1\;/cm/shared/apps/amh-conda/condabin:1\;/usr/local/bin:1\;/usr/bin:1\;/usr/local/sbin:1\;/usr/sbin:1\;/opt/MegaRAID/MegaCli:1\;/opt/dell/srvadmin/bin:1;' export '__LMOD_REF_COUNT_PATH;' 'PATH=/cm/shared/apps/amh-python-extra-py39-gcc9/0.0.1/bin:/cm/local/apps/python39/bin:/cm/shared/apps/jupyter-eg-kernel-wlm-py39/3.0.1/bin:/cm/shared/apps/slurm/current/sbin:/cm/shared/apps/slurm/current/bin:/cm/local/apps/gcc/11.2.0/bin:/home/dasienga24/.local/bin:/home/dasienga24/bin:/cm/shared/amherst-bin:/cm/shared/apps/amh-conda/condabin:/usr/local/bin:/usr/bin:/usr/local/sbin:/usr/sbin:/opt/MegaRAID/MegaCli:/opt/dell/srvadmin/bin;' export 'PATH;' '__LMOD_REF_COUNT_PYTHONPATH=/cm/shared/apps/amh-python-extra-py39-gcc9/0.0.1/lib/python3.9/site-packages:1\;/cm/shared/apps/jupyter-eg-kernel-wlm-py39/3.0.1/lib64/python3.9/site-packages:1\;/cm/shared/apps/jupyter-eg-kernel-wlm-py39/3.0.1/lib/python3.9/site-packages:1;' export '__LMOD_REF_COUNT_PYTHONPATH;' 'PYTHONPATH=/cm/shared/apps/amh-python-extra-py39-gcc9/0.0.1/lib/python3.9/site-packages:/cm/shared/apps/jupyter-eg-kernel-wlm-py39/3.0.1/lib64/python3.9/site-packages:/cm/shared/apps/jupyter-eg-kernel-wlm-py39/3.0.1/lib/python3.9/site-packages;' export 'PYTHONPATH;' 'SLURM_CONF=/cm/shared/apps/slurm/var/etc/slurm/slurm.conf;' export 'SLURM_CONF;' '__LMOD_REF_COUNT__LMFILES_=/usr/share/modulefiles/DefaultModules.lua:1\;/cm/local/modulefiles/gcc/11.2.0:1\;/cm/local/modulefiles/shared:1\;/cm/local/modulefiles/slurm/slurm/23.02.2:1\;/cm/shared/modulefiles/jupyter-eg-kernel-wlm-py39/3.0.1:1\;/cm/local/modulefiles/python39:1\;/cm/shared/modulefiles/amh-python-extra-py39-gcc9/0.0.1.lua:1;' export '__LMOD_REF_COUNT__LMFILES_;' '_LMFILES_=/usr/share/modulefiles/DefaultModules.lua:/cm/local/modulefiles/gcc/11.2.0:/cm/local/modulefiles/shared:/cm/local/modulefiles/slurm/slurm/23.02.2:/cm/shared/modulefiles/jupyter-eg-kernel-wlm-py39/3.0.1:/cm/local/modulefiles/python39:/cm/shared/modulefiles/amh-python-extra-py39-gcc9/0.0.1.lua;' export '_LMFILES_;' '_ModuleTable001_=X01vZHVsZVRhYmxlXz17WyJNVHZlcnNpb24iXT0zLFsiY19yZWJ1aWxkVGltZSJdPWZhbHNlLFsiY19zaG9ydFRpbWUiXT1mYWxzZSxkZXB0aFQ9e30sZmFtaWx5PXt9LG1UPXtEZWZhdWx0TW9kdWxlcz17WyJmbiJdPSIvdXNyL3NoYXJlL21vZHVsZWZpbGVzL0RlZmF1bHRNb2R1bGVzLmx1YSIsWyJmdWxsTmFtZSJdPSJEZWZhdWx0TW9kdWxlcyIsWyJsb2FkT3JkZXIiXT0xLHByb3BUPXt9LFsic3RhY2tEZXB0aCJdPTAsWyJzdGF0dXMiXT0iYWN0aXZlIixbInVzZXJOYW1lIl09IkRlZmF1bHRNb2R1bGVzIixbIndWIl09Ik0uKnpmaW5hbCIsfSxbImFtaC1weXRob24tZXh0cmEtcHkzOS1nY2M5Il09e1siZm4iXT0iL2NtL3NoYXJlZC9tb2R1bGVmaWxlcy9hbWgtcHl0aG9u;' export '_ModuleTable001_;' '_ModuleTable002_=LWV4dHJhLXB5MzktZ2NjOS8wLjAuMS5sdWEiLFsiZnVsbE5hbWUiXT0iYW1oLXB5dGhvbi1leHRyYS1weTM5LWdjYzkvMC4wLjEiLFsibG9hZE9yZGVyIl09Nyxwcm9wVD17fSxbInN0YWNrRGVwdGgiXT0wLFsic3RhdHVzIl09ImFjdGl2ZSIsWyJ1c2VyTmFtZSJdPSJhbWgtcHl0aG9uLWV4dHJhLXB5MzktZ2NjOSIsWyJ3ViJdPSIwMDAwMDAwMDAuMDAwMDAwMDAwLjAwMDAwMDAwMS4qemZpbmFsIix9LGdjYz17WyJmbiJdPSIvY20vbG9jYWwvbW9kdWxlZmlsZXMvZ2NjLzExLjIuMCIsWyJmdWxsTmFtZSJdPSJnY2MvMTEuMi4wIixbImxvYWRPcmRlciJdPTIscHJvcFQ9e30sWyJzdGFja0RlcHRoIl09MCxbInN0YXR1cyJdPSJhY3RpdmUiLFsidXNlck5hbWUiXT0iZ2NjIixb;' export '_ModuleTable002_;' '_ModuleTable003_=IndWIl09IjAwMDAwMDAxMS4wMDAwMDAwMDIuKnpmaW5hbCIsfSxbImp1cHl0ZXItZWcta2VybmVsLXdsbS1weTM5Il09e1siZm4iXT0iL2NtL3NoYXJlZC9tb2R1bGVmaWxlcy9qdXB5dGVyLWVnLWtlcm5lbC13bG0tcHkzOS8zLjAuMSIsWyJmdWxsTmFtZSJdPSJqdXB5dGVyLWVnLWtlcm5lbC13bG0tcHkzOS8zLjAuMSIsWyJsb2FkT3JkZXIiXT01LHByb3BUPXt9LFsic3RhY2tEZXB0aCJdPTAsWyJzdGF0dXMiXT0iYWN0aXZlIixbInVzZXJOYW1lIl09Imp1cHl0ZXItZWcta2VybmVsLXdsbS1weTM5IixbIndWIl09IjAwMDAwMDAwMy4wMDAwMDAwMDAuMDAwMDAwMDAxLip6ZmluYWwiLH0scHl0aG9uMzk9e1siZm4iXT0iL2NtL2xvY2FsL21vZHVsZWZpbGVzL3B5dGhvbjM5;' export '_ModuleTable003_;' '_ModuleTable004_=IixbImZ1bGxOYW1lIl09InB5dGhvbjM5IixbImxvYWRPcmRlciJdPTYscHJvcFQ9e30sWyJyZWZfY291bnQiXT0xLFsic3RhY2tEZXB0aCJdPTEsWyJzdGF0dXMiXT0iYWN0aXZlIixbInVzZXJOYW1lIl09InB5dGhvbjM5IixbIndWIl09Ik0uKnpmaW5hbCIsfSxzaGFyZWQ9e1siZm4iXT0iL2NtL2xvY2FsL21vZHVsZWZpbGVzL3NoYXJlZCIsWyJmdWxsTmFtZSJdPSJzaGFyZWQiLFsibG9hZE9yZGVyIl09Myxwcm9wVD17fSxbInN0YWNrRGVwdGgiXT0wLFsic3RhdHVzIl09ImFjdGl2ZSIsWyJ1c2VyTmFtZSJdPSJzaGFyZWQiLFsid1YiXT0iTS4qemZpbmFsIix9LHNsdXJtPXtbImZuIl09Ii9jbS9sb2NhbC9tb2R1bGVmaWxlcy9zbHVybS9zbHVybS8yMy4wMi4yIixbImZ1;' export '_ModuleTable004_;' '_ModuleTable005_=bGxOYW1lIl09InNsdXJtL3NsdXJtLzIzLjAyLjIiLFsibG9hZE9yZGVyIl09NCxwcm9wVD17fSxbInN0YWNrRGVwdGgiXT0wLFsic3RhdHVzIl09ImFjdGl2ZSIsWyJ1c2VyTmFtZSJdPSJzbHVybSIsWyJ3ViJdPSIqc2x1cm0vMDAwMDAwMDIzLjAwMDAwMDAwMi4wMDAwMDAwMDIuKnpmaW5hbCIsfSx9LG1wYXRoQT17Ii9jbS9sb2NhbC9tb2R1bGVmaWxlcyIsIi9ldGMvbW9kdWxlZmlsZXMiLCIvdXNyL3NoYXJlL21vZHVsZWZpbGVzIiwiL3Vzci9zaGFyZS9Nb2R1bGVzL21vZHVsZWZpbGVzIiwiL2NtL3NoYXJlZC9tb2R1bGVmaWxlcyIsfSxbInN5c3RlbUJhc2VNUEFUSCJdPSIvY20vbG9jYWwvbW9kdWxlZmlsZXM6L2NtL3NoYXJlZC9tb2R1bGVmaWxlczovZXRjL21vZHVs;' export '_ModuleTable005_;' '_ModuleTable006_=ZWZpbGVzOi91c3Ivc2hhcmUvbW9kdWxlZmlsZXM6L3Vzci9zaGFyZS9Nb2R1bGVzL21vZHVsZWZpbGVzIix9;' export '_ModuleTable006_;' '_ModuleTable_Sz_=6;' export '_ModuleTable_Sz_;'
++ CMD_WLM_CLUSTER_NAME=slurm
++ export CMD_WLM_CLUSTER_NAME
++ __LMOD_REF_COUNT_CPATH='/cm/local/apps/python39/include:1;/cm/shared/apps/slurm/current/include:1'
++ export __LMOD_REF_COUNT_CPATH
++ CPATH=/cm/local/apps/python39/include:/cm/shared/apps/slurm/current/include
++ export CPATH
++ LD_LIBRARY_PATH=/cm/shared/apps/slurm/current/lib64/slurm:/cm/shared/apps/slurm/current/lib64:/cm/local/apps/gcc/11.2.0/lib:/cm/local/apps/gcc/11.2.0/lib64:/cm/local/apps/gcc/11.2.0/lib32
++ export LD_LIBRARY_PATH
++ __LMOD_REF_COUNT_LIBRARY_PATH='/cm/local/apps/python39/lib:1;/cm/shared/apps/slurm/current/lib64/slurm:1;/cm/shared/apps/slurm/current/lib64:1'
++ export __LMOD_REF_COUNT_LIBRARY_PATH
++ LIBRARY_PATH=/cm/local/apps/python39/lib:/cm/shared/apps/slurm/current/lib64/slurm:/cm/shared/apps/slurm/current/lib64
++ export LIBRARY_PATH
++ __LMOD_REF_COUNT_LOADEDMODULES='DefaultModules:1;gcc/11.2.0:1;shared:1;slurm/slurm/23.02.2:1;jupyter-eg-kernel-wlm-py39/3.0.1:1;python39:1;amh-python-extra-py39-gcc9/0.0.1:1'
++ export __LMOD_REF_COUNT_LOADEDMODULES
++ LOADEDMODULES=DefaultModules:gcc/11.2.0:shared:slurm/slurm/23.02.2:jupyter-eg-kernel-wlm-py39/3.0.1:python39:amh-python-extra-py39-gcc9/0.0.1
++ export LOADEDMODULES
++ __LMOD_REF_COUNT_MANPATH='/cm/local/apps/python39/share/man:1;/cm/shared/apps/slurm/current/man:1;/usr/share/lmod/lmod/share/man:1;/cm/shared/apps/amh-conda/man:1;/usr/local/share/man:1;/usr/share/man:1;/cm/local/apps/environment-modules/current/share/man:1'
++ export __LMOD_REF_COUNT_MANPATH
++ MANPATH=/cm/local/apps/python39/share/man:/cm/shared/apps/slurm/current/man:/usr/share/lmod/lmod/share/man:/cm/shared/apps/amh-conda/man:/usr/local/share/man:/usr/share/man:/cm/local/apps/environment-modules/current/share/man
++ export MANPATH
++ MODULEPATH=/cm/local/modulefiles:/etc/modulefiles:/usr/share/modulefiles:/usr/share/Modules/modulefiles:/cm/shared/modulefiles
++ export MODULEPATH
++ __LMOD_REF_COUNT_PATH='/cm/shared/apps/amh-python-extra-py39-gcc9/0.0.1/bin:1;/cm/local/apps/python39/bin:1;/cm/shared/apps/jupyter-eg-kernel-wlm-py39/3.0.1/bin:1;/cm/shared/apps/slurm/current/sbin:1;/cm/shared/apps/slurm/current/bin:1;/cm/local/apps/gcc/11.2.0/bin:1;/home/dasienga24/.local/bin:1;/home/dasienga24/bin:1;/cm/shared/amherst-bin:1;/cm/shared/apps/amh-conda/condabin:1;/usr/local/bin:1;/usr/bin:1;/usr/local/sbin:1;/usr/sbin:1;/opt/MegaRAID/MegaCli:1;/opt/dell/srvadmin/bin:1'
++ export __LMOD_REF_COUNT_PATH
++ PATH=/cm/shared/apps/amh-python-extra-py39-gcc9/0.0.1/bin:/cm/local/apps/python39/bin:/cm/shared/apps/jupyter-eg-kernel-wlm-py39/3.0.1/bin:/cm/shared/apps/slurm/current/sbin:/cm/shared/apps/slurm/current/bin:/cm/local/apps/gcc/11.2.0/bin:/home/dasienga24/.local/bin:/home/dasienga24/bin:/cm/shared/amherst-bin:/cm/shared/apps/amh-conda/condabin:/usr/local/bin:/usr/bin:/usr/local/sbin:/usr/sbin:/opt/MegaRAID/MegaCli:/opt/dell/srvadmin/bin
++ export PATH
++ __LMOD_REF_COUNT_PYTHONPATH='/cm/shared/apps/amh-python-extra-py39-gcc9/0.0.1/lib/python3.9/site-packages:1;/cm/shared/apps/jupyter-eg-kernel-wlm-py39/3.0.1/lib64/python3.9/site-packages:1;/cm/shared/apps/jupyter-eg-kernel-wlm-py39/3.0.1/lib/python3.9/site-packages:1'
++ export __LMOD_REF_COUNT_PYTHONPATH
++ PYTHONPATH=/cm/shared/apps/amh-python-extra-py39-gcc9/0.0.1/lib/python3.9/site-packages:/cm/shared/apps/jupyter-eg-kernel-wlm-py39/3.0.1/lib64/python3.9/site-packages:/cm/shared/apps/jupyter-eg-kernel-wlm-py39/3.0.1/lib/python3.9/site-packages
++ export PYTHONPATH
++ SLURM_CONF=/cm/shared/apps/slurm/var/etc/slurm/slurm.conf
++ export SLURM_CONF
++ __LMOD_REF_COUNT__LMFILES_='/usr/share/modulefiles/DefaultModules.lua:1;/cm/local/modulefiles/gcc/11.2.0:1;/cm/local/modulefiles/shared:1;/cm/local/modulefiles/slurm/slurm/23.02.2:1;/cm/shared/modulefiles/jupyter-eg-kernel-wlm-py39/3.0.1:1;/cm/local/modulefiles/python39:1;/cm/shared/modulefiles/amh-python-extra-py39-gcc9/0.0.1.lua:1'
++ export __LMOD_REF_COUNT__LMFILES_
++ _LMFILES_=/usr/share/modulefiles/DefaultModules.lua:/cm/local/modulefiles/gcc/11.2.0:/cm/local/modulefiles/shared:/cm/local/modulefiles/slurm/slurm/23.02.2:/cm/shared/modulefiles/jupyter-eg-kernel-wlm-py39/3.0.1:/cm/local/modulefiles/python39:/cm/shared/modulefiles/amh-python-extra-py39-gcc9/0.0.1.lua
++ export _LMFILES_
++ _ModuleTable001_=X01vZHVsZVRhYmxlXz17WyJNVHZlcnNpb24iXT0zLFsiY19yZWJ1aWxkVGltZSJdPWZhbHNlLFsiY19zaG9ydFRpbWUiXT1mYWxzZSxkZXB0aFQ9e30sZmFtaWx5PXt9LG1UPXtEZWZhdWx0TW9kdWxlcz17WyJmbiJdPSIvdXNyL3NoYXJlL21vZHVsZWZpbGVzL0RlZmF1bHRNb2R1bGVzLmx1YSIsWyJmdWxsTmFtZSJdPSJEZWZhdWx0TW9kdWxlcyIsWyJsb2FkT3JkZXIiXT0xLHByb3BUPXt9LFsic3RhY2tEZXB0aCJdPTAsWyJzdGF0dXMiXT0iYWN0aXZlIixbInVzZXJOYW1lIl09IkRlZmF1bHRNb2R1bGVzIixbIndWIl09Ik0uKnpmaW5hbCIsfSxbImFtaC1weXRob24tZXh0cmEtcHkzOS1nY2M5Il09e1siZm4iXT0iL2NtL3NoYXJlZC9tb2R1bGVmaWxlcy9hbWgtcHl0aG9u
++ export _ModuleTable001_
++ _ModuleTable002_=LWV4dHJhLXB5MzktZ2NjOS8wLjAuMS5sdWEiLFsiZnVsbE5hbWUiXT0iYW1oLXB5dGhvbi1leHRyYS1weTM5LWdjYzkvMC4wLjEiLFsibG9hZE9yZGVyIl09Nyxwcm9wVD17fSxbInN0YWNrRGVwdGgiXT0wLFsic3RhdHVzIl09ImFjdGl2ZSIsWyJ1c2VyTmFtZSJdPSJhbWgtcHl0aG9uLWV4dHJhLXB5MzktZ2NjOSIsWyJ3ViJdPSIwMDAwMDAwMDAuMDAwMDAwMDAwLjAwMDAwMDAwMS4qemZpbmFsIix9LGdjYz17WyJmbiJdPSIvY20vbG9jYWwvbW9kdWxlZmlsZXMvZ2NjLzExLjIuMCIsWyJmdWxsTmFtZSJdPSJnY2MvMTEuMi4wIixbImxvYWRPcmRlciJdPTIscHJvcFQ9e30sWyJzdGFja0RlcHRoIl09MCxbInN0YXR1cyJdPSJhY3RpdmUiLFsidXNlck5hbWUiXT0iZ2NjIixb
++ export _ModuleTable002_
++ _ModuleTable003_=IndWIl09IjAwMDAwMDAxMS4wMDAwMDAwMDIuKnpmaW5hbCIsfSxbImp1cHl0ZXItZWcta2VybmVsLXdsbS1weTM5Il09e1siZm4iXT0iL2NtL3NoYXJlZC9tb2R1bGVmaWxlcy9qdXB5dGVyLWVnLWtlcm5lbC13bG0tcHkzOS8zLjAuMSIsWyJmdWxsTmFtZSJdPSJqdXB5dGVyLWVnLWtlcm5lbC13bG0tcHkzOS8zLjAuMSIsWyJsb2FkT3JkZXIiXT01LHByb3BUPXt9LFsic3RhY2tEZXB0aCJdPTAsWyJzdGF0dXMiXT0iYWN0aXZlIixbInVzZXJOYW1lIl09Imp1cHl0ZXItZWcta2VybmVsLXdsbS1weTM5IixbIndWIl09IjAwMDAwMDAwMy4wMDAwMDAwMDAuMDAwMDAwMDAxLip6ZmluYWwiLH0scHl0aG9uMzk9e1siZm4iXT0iL2NtL2xvY2FsL21vZHVsZWZpbGVzL3B5dGhvbjM5
++ export _ModuleTable003_
++ _ModuleTable004_=IixbImZ1bGxOYW1lIl09InB5dGhvbjM5IixbImxvYWRPcmRlciJdPTYscHJvcFQ9e30sWyJyZWZfY291bnQiXT0xLFsic3RhY2tEZXB0aCJdPTEsWyJzdGF0dXMiXT0iYWN0aXZlIixbInVzZXJOYW1lIl09InB5dGhvbjM5IixbIndWIl09Ik0uKnpmaW5hbCIsfSxzaGFyZWQ9e1siZm4iXT0iL2NtL2xvY2FsL21vZHVsZWZpbGVzL3NoYXJlZCIsWyJmdWxsTmFtZSJdPSJzaGFyZWQiLFsibG9hZE9yZGVyIl09Myxwcm9wVD17fSxbInN0YWNrRGVwdGgiXT0wLFsic3RhdHVzIl09ImFjdGl2ZSIsWyJ1c2VyTmFtZSJdPSJzaGFyZWQiLFsid1YiXT0iTS4qemZpbmFsIix9LHNsdXJtPXtbImZuIl09Ii9jbS9sb2NhbC9tb2R1bGVmaWxlcy9zbHVybS9zbHVybS8yMy4wMi4yIixbImZ1
++ export _ModuleTable004_
++ _ModuleTable005_=bGxOYW1lIl09InNsdXJtL3NsdXJtLzIzLjAyLjIiLFsibG9hZE9yZGVyIl09NCxwcm9wVD17fSxbInN0YWNrRGVwdGgiXT0wLFsic3RhdHVzIl09ImFjdGl2ZSIsWyJ1c2VyTmFtZSJdPSJzbHVybSIsWyJ3ViJdPSIqc2x1cm0vMDAwMDAwMDIzLjAwMDAwMDAwMi4wMDAwMDAwMDIuKnpmaW5hbCIsfSx9LG1wYXRoQT17Ii9jbS9sb2NhbC9tb2R1bGVmaWxlcyIsIi9ldGMvbW9kdWxlZmlsZXMiLCIvdXNyL3NoYXJlL21vZHVsZWZpbGVzIiwiL3Vzci9zaGFyZS9Nb2R1bGVzL21vZHVsZWZpbGVzIiwiL2NtL3NoYXJlZC9tb2R1bGVmaWxlcyIsfSxbInN5c3RlbUJhc2VNUEFUSCJdPSIvY20vbG9jYWwvbW9kdWxlZmlsZXM6L2NtL3NoYXJlZC9tb2R1bGVmaWxlczovZXRjL21vZHVs
++ export _ModuleTable005_
++ _ModuleTable006_=ZWZpbGVzOi91c3Ivc2hhcmUvbW9kdWxlZmlsZXM6L3Vzci9zaGFyZS9Nb2R1bGVzL21vZHVsZWZpbGVzIix9
++ export _ModuleTable006_
++ _ModuleTable_Sz_=6
++ export _ModuleTable_Sz_
+ ipykernel-wlm --RemoteProcessProxy.kernel-id 9b040bff-5e4e-47aa-9363-7005583a9024 --RemoteProcessProxy.response-address 10.141.0.10:8878 --RemoteProcessProxy.port-range 0..0 --RemoteProcessProxy.shutdown-timeout 600
[D 2023-10-26 19:07:36,045.045 ipykernel_wlm] Using connection file '/tmp/kernel-9b040bff-5e4e-47aa-9363-7005583a9024_nutzgizg.json'.
[I 2023-10-26 19:07:36,046.046 ipykernel_wlm] Signal socket bound to host: '0.0.0.0', port: '50183'
[D 2023-10-26 19:07:36,046.046 ipykernel_wlm] JSON Payload 'b'{"shell_port": 40777, "iopub_port": 40099, "stdin_port": 37835, "control_port": 33381, "hb_port": 47115, "ip": "0.0.0.0", "key": "1be1cd08-41d3-4fc7-b2b3-57ac49c64815", "transport": "tcp", "signature_scheme": "hmac-sha256", "kernel_name": "", "pid": "3647536", "pgid": "3647422", "comm_port": 50183}''
[D 2023-10-26 19:07:36,048.048 ipykernel_wlm] Encrypted Payload 'b'NTdT1aCeSrS/wgvBksWtLiXCakeEOjKqzS3uHNsjTrGL22EbrfehkLymOE8k5AGWCFYHLsrz4ZgzN6veEAE1tXKK1+XHz5OQtU2g/izZkDcFGUYwxUSZqNeGy1QDbnF1z8XPd44b/ZSIkXF0X2wB/JIGiPBEHlN8E1DQ3+8sAiAI1D8zHkDOU1ukbYFNsmlz2l5e5PTpp6HQEqZzB3/MJg9ac8H3xvqv2gucXK4hwKHjrUtbg1Vj4eD+8n8jn6IdPHXZBCyHAsncsT3hdlTGGt0ZwlWQ725yeVNLMptyhHLCiu3cmMMZmVlN5cFZ37HIBSLHtuV5i3lhCT+qIvpUIejdPcZ1Xl0OAOt2IwVWJTKmcfmv60uWxzYJgRcSJZO2c+h3wefHyYzRfpSczKVQbw==''
NOTE: When using the `ipython kernel` entry point, Ctrl-C will not work.

To exit, you will have to explicitly quit this process, by either sending
"quit" from a client, or using Ctrl-\ in UNIX-like environments.

To read more about this, see https://github.com/ipython/ipython/issues/2049


To connect another client to this kernel, use:
    --existing /tmp/kernel-9b040bff-5e4e-47aa-9363-7005583a9024_nutzgizg.json
[I 2023-10-26 19:07:41,054.054 ipykernel_wlm] No answer from server. Shutdown in 594 sec
[I 2023-10-26 19:07:46,060.060 ipykernel_wlm] No answer from server. Shutdown in 589 sec
[I 2023-10-26 19:07:51,065.065 ipykernel_wlm] No answer from server. Shutdown in 584 sec
[I 2023-10-26 19:07:56,070.070 ipykernel_wlm] No answer from server. Shutdown in 579 sec
[I 2023-10-26 19:08:01,076.076 ipykernel_wlm] No answer from server. Shutdown in 574 sec
[I 2023-10-26 19:08:06,081.081 ipykernel_wlm] No answer from server. Shutdown in 569 sec
[I 2023-10-26 19:08:11,086.086 ipykernel_wlm] No answer from server. Shutdown in 564 sec
[I 2023-10-26 19:08:16,091.091 ipykernel_wlm] No answer from server. Shutdown in 559 sec
[I 2023-10-26 19:08:21,097.097 ipykernel_wlm] No answer from server. Shutdown in 554 sec
[I 2023-10-26 19:08:26,102.102 ipykernel_wlm] No answer from server. Shutdown in 549 sec
[I 2023-10-26 19:08:31,107.107 ipykernel_wlm] No answer from server. Shutdown in 544 sec
[I 2023-10-26 19:08:36,112.112 ipykernel_wlm] No answer from server. Shutdown in 539 sec
[I 2023-10-26 19:08:41,117.117 ipykernel_wlm] No answer from server. Shutdown in 534 sec
[I 2023-10-26 19:08:46,123.123 ipykernel_wlm] No answer from server. Shutdown in 529 sec
[I 2023-10-26 19:08:51,128.128 ipykernel_wlm] No answer from server. Shutdown in 524 sec
[I 2023-10-26 19:08:56,133.133 ipykernel_wlm] No answer from server. Shutdown in 519 sec
[I 2023-10-26 19:09:01,138.138 ipykernel_wlm] No answer from server. Shutdown in 514 sec
[I 2023-10-26 19:09:06,144.144 ipykernel_wlm] No answer from server. Shutdown in 509 sec
[I 2023-10-26 19:09:11,149.149 ipykernel_wlm] No answer from server. Shutdown in 504 sec
[I 2023-10-26 19:09:16,154.154 ipykernel_wlm] No answer from server. Shutdown in 499 sec
[I 2023-10-26 19:09:21,159.159 ipykernel_wlm] No answer from server. Shutdown in 494 sec
[I 2023-10-26 19:09:26,164.164 ipykernel_wlm] No answer from server. Shutdown in 489 sec
[I 2023-10-26 19:09:31,170.170 ipykernel_wlm] No answer from server. Shutdown in 484 sec
[I 2023-10-26 19:09:36,175.175 ipykernel_wlm] No answer from server. Shutdown in 479 sec
[I 2023-10-26 19:09:41,180.180 ipykernel_wlm] No answer from server. Shutdown in 474 sec
[I 2023-10-26 19:09:46,185.185 ipykernel_wlm] No answer from server. Shutdown in 469 sec
[I 2023-10-26 19:09:51,190.190 ipykernel_wlm] No answer from server. Shutdown in 464 sec
[I 2023-10-26 19:09:56,195.195 ipykernel_wlm] No answer from server. Shutdown in 459 sec
[I 2023-10-26 19:10:01,201.201 ipykernel_wlm] No answer from server. Shutdown in 454 sec
[I 2023-10-26 19:10:06,206.206 ipykernel_wlm] No answer from server. Shutdown in 449 sec
[I 2023-10-26 19:10:11,211.211 ipykernel_wlm] No answer from server. Shutdown in 444 sec
[I 2023-10-26 19:10:16,216.216 ipykernel_wlm] No answer from server. Shutdown in 439 sec
[I 2023-10-26 19:10:21,222.222 ipykernel_wlm] No answer from server. Shutdown in 434 sec
[I 2023-10-26 19:10:26,227.227 ipykernel_wlm] No answer from server. Shutdown in 429 sec
[I 2023-10-26 19:10:31,232.232 ipykernel_wlm] No answer from server. Shutdown in 424 sec
[I 2023-10-26 19:10:36,237.237 ipykernel_wlm] No answer from server. Shutdown in 419 sec
[I 2023-10-26 19:10:41,242.242 ipykernel_wlm] No answer from server. Shutdown in 414 sec
[I 2023-10-26 19:10:46,247.247 ipykernel_wlm] No answer from server. Shutdown in 409 sec
[I 2023-10-26 19:10:51,253.253 ipykernel_wlm] No answer from server. Shutdown in 404 sec
[I 2023-10-26 19:10:56,258.258 ipykernel_wlm] No answer from server. Shutdown in 399 sec
[I 2023-10-26 19:11:01,263.263 ipykernel_wlm] No answer from server. Shutdown in 394 sec
[I 2023-10-26 19:11:06,268.268 ipykernel_wlm] No answer from server. Shutdown in 389 sec
[I 2023-10-26 19:11:11,273.273 ipykernel_wlm] No answer from server. Shutdown in 384 sec
[I 2023-10-26 19:11:16,279.279 ipykernel_wlm] No answer from server. Shutdown in 379 sec
[I 2023-10-26 19:11:21,284.284 ipykernel_wlm] No answer from server. Shutdown in 374 sec
[I 2023-10-26 19:11:26,289.289 ipykernel_wlm] No answer from server. Shutdown in 369 sec
[I 2023-10-26 19:11:31,294.294 ipykernel_wlm] No answer from server. Shutdown in 364 sec
[I 2023-10-26 19:11:36,299.299 ipykernel_wlm] No answer from server. Shutdown in 359 sec
[I 2023-10-26 19:11:41,305.305 ipykernel_wlm] No answer from server. Shutdown in 354 sec
[I 2023-10-26 19:11:46,310.310 ipykernel_wlm] No answer from server. Shutdown in 349 sec
[I 2023-10-26 19:11:51,315.315 ipykernel_wlm] No answer from server. Shutdown in 344 sec
[I 2023-10-26 19:11:56,320.320 ipykernel_wlm] No answer from server. Shutdown in 339 sec
[I 2023-10-26 19:12:01,325.325 ipykernel_wlm] No answer from server. Shutdown in 334 sec
[I 2023-10-26 19:12:06,331.331 ipykernel_wlm] No answer from server. Shutdown in 329 sec
[I 2023-10-26 19:12:11,336.336 ipykernel_wlm] No answer from server. Shutdown in 324 sec
[I 2023-10-26 19:12:16,341.341 ipykernel_wlm] No answer from server. Shutdown in 319 sec
[I 2023-10-26 19:12:21,346.346 ipykernel_wlm] No answer from server. Shutdown in 314 sec
[I 2023-10-26 19:12:26,351.351 ipykernel_wlm] No answer from server. Shutdown in 309 sec
[I 2023-10-26 19:12:31,357.357 ipykernel_wlm] No answer from server. Shutdown in 304 sec
[I 2023-10-26 19:12:36,362.362 ipykernel_wlm] No answer from server. Shutdown in 299 sec
[I 2023-10-26 19:12:41,367.367 ipykernel_wlm] No answer from server. Shutdown in 294 sec
[I 2023-10-26 19:12:46,372.372 ipykernel_wlm] No answer from server. Shutdown in 289 sec
[I 2023-10-26 19:12:51,377.377 ipykernel_wlm] No answer from server. Shutdown in 284 sec
[I 2023-10-26 19:12:56,383.383 ipykernel_wlm] No answer from server. Shutdown in 279 sec
[I 2023-10-26 19:13:01,388.388 ipykernel_wlm] No answer from server. Shutdown in 274 sec
[I 2023-10-26 19:13:06,393.393 ipykernel_wlm] No answer from server. Shutdown in 269 sec
[I 2023-10-26 19:13:11,398.398 ipykernel_wlm] No answer from server. Shutdown in 264 sec
[I 2023-10-26 19:13:16,403.403 ipykernel_wlm] No answer from server. Shutdown in 259 sec
[I 2023-10-26 19:13:21,408.408 ipykernel_wlm] No answer from server. Shutdown in 254 sec
[I 2023-10-26 19:13:26,414.414 ipykernel_wlm] No answer from server. Shutdown in 249 sec
[I 2023-10-26 19:13:31,419.419 ipykernel_wlm] No answer from server. Shutdown in 244 sec
[I 2023-10-26 19:13:36,424.424 ipykernel_wlm] No answer from server. Shutdown in 239 sec
[I 2023-10-26 19:13:41,429.429 ipykernel_wlm] No answer from server. Shutdown in 234 sec
[I 2023-10-26 19:13:46,434.434 ipykernel_wlm] No answer from server. Shutdown in 229 sec
[I 2023-10-26 19:13:51,440.440 ipykernel_wlm] No answer from server. Shutdown in 224 sec
[I 2023-10-26 19:13:56,445.445 ipykernel_wlm] No answer from server. Shutdown in 219 sec
[I 2023-10-26 19:14:01,450.450 ipykernel_wlm] No answer from server. Shutdown in 214 sec
[I 2023-10-26 19:14:06,455.455 ipykernel_wlm] No answer from server. Shutdown in 209 sec
[I 2023-10-26 19:14:11,460.460 ipykernel_wlm] No answer from server. Shutdown in 204 sec
[I 2023-10-26 19:14:16,465.465 ipykernel_wlm] No answer from server. Shutdown in 199 sec
[I 2023-10-26 19:14:21,471.471 ipykernel_wlm] No answer from server. Shutdown in 194 sec
[I 2023-10-26 19:14:26,476.476 ipykernel_wlm] No answer from server. Shutdown in 189 sec
[I 2023-10-26 19:14:31,481.481 ipykernel_wlm] No answer from server. Shutdown in 184 sec
[I 2023-10-26 19:14:36,486.486 ipykernel_wlm] No answer from server. Shutdown in 179 sec
[I 2023-10-26 19:14:41,491.491 ipykernel_wlm] No answer from server. Shutdown in 174 sec
[I 2023-10-26 19:14:46,497.497 ipykernel_wlm] No answer from server. Shutdown in 169 sec
[I 2023-10-26 19:14:51,502.502 ipykernel_wlm] No answer from server. Shutdown in 164 sec
[I 2023-10-26 19:14:56,507.507 ipykernel_wlm] No answer from server. Shutdown in 159 sec
[I 2023-10-26 19:15:01,512.512 ipykernel_wlm] No answer from server. Shutdown in 154 sec
[I 2023-10-26 19:15:06,517.517 ipykernel_wlm] No answer from server. Shutdown in 149 sec
[I 2023-10-26 19:15:11,523.523 ipykernel_wlm] No answer from server. Shutdown in 144 sec
[I 2023-10-26 19:15:16,528.528 ipykernel_wlm] No answer from server. Shutdown in 139 sec
[I 2023-10-26 19:15:21,533.533 ipykernel_wlm] No answer from server. Shutdown in 134 sec
[I 2023-10-26 19:15:26,538.538 ipykernel_wlm] No answer from server. Shutdown in 129 sec
[I 2023-10-26 19:15:31,544.544 ipykernel_wlm] No answer from server. Shutdown in 124 sec
[I 2023-10-26 19:15:36,549.549 ipykernel_wlm] No answer from server. Shutdown in 119 sec
[I 2023-10-26 19:15:41,554.554 ipykernel_wlm] No answer from server. Shutdown in 114 sec
[I 2023-10-26 19:15:46,559.559 ipykernel_wlm] No answer from server. Shutdown in 109 sec
[I 2023-10-26 19:15:51,564.564 ipykernel_wlm] No answer from server. Shutdown in 104 sec
[I 2023-10-26 19:15:56,569.569 ipykernel_wlm] No answer from server. Shutdown in 99 sec
[I 2023-10-26 19:16:01,575.575 ipykernel_wlm] No answer from server. Shutdown in 94 sec
[I 2023-10-26 19:16:06,580.580 ipykernel_wlm] No answer from server. Shutdown in 89 sec
[I 2023-10-26 19:16:11,585.585 ipykernel_wlm] No answer from server. Shutdown in 84 sec
[I 2023-10-26 19:16:16,590.590 ipykernel_wlm] No answer from server. Shutdown in 79 sec
[I 2023-10-26 19:16:21,595.595 ipykernel_wlm] No answer from server. Shutdown in 74 sec
[I 2023-10-26 19:16:26,601.601 ipykernel_wlm] No answer from server. Shutdown in 69 sec
[I 2023-10-26 19:16:31,606.606 ipykernel_wlm] No answer from server. Shutdown in 64 sec
[I 2023-10-26 19:16:36,611.611 ipykernel_wlm] No answer from server. Shutdown in 59 sec
[I 2023-10-26 19:16:41,616.616 ipykernel_wlm] No answer from server. Shutdown in 54 sec
[I 2023-10-26 19:16:46,621.621 ipykernel_wlm] No answer from server. Shutdown in 49 sec
[I 2023-10-26 19:16:51,627.627 ipykernel_wlm] No answer from server. Shutdown in 44 sec
[I 2023-10-26 19:16:56,632.632 ipykernel_wlm] No answer from server. Shutdown in 39 sec
[I 2023-10-26 19:17:01,637.637 ipykernel_wlm] No answer from server. Shutdown in 34 sec
[I 2023-10-26 19:17:06,642.642 ipykernel_wlm] No answer from server. Shutdown in 29 sec
[I 2023-10-26 19:17:11,648.648 ipykernel_wlm] No answer from server. Shutdown in 24 sec
[I 2023-10-26 19:17:16,653.653 ipykernel_wlm] No answer from server. Shutdown in 19 sec
[I 2023-10-26 19:17:21,658.658 ipykernel_wlm] No answer from server. Shutdown in 14 sec
[I 2023-10-26 19:17:26,663.663 ipykernel_wlm] No answer from server. Shutdown in 9 sec
[I 2023-10-26 19:17:31,668.668 ipykernel_wlm] No answer from server. Shutdown in 4 sec
