This is pdfTeX, Version 3.141592653-2.6-1.40.25 (TeX Live 2023) (preloaded format=pdflatex 2023.4.7)  11 MAR 2024 23:01
entering extended mode
 restricted \write18 enabled.
 %&-line parsing enabled.
**Dasha-Asienga_StatThesis.tex
(./Dasha-Asienga_StatThesis.tex
LaTeX2e <2022-11-01> patch level 1
L3 programming layer <2023-03-30> (./amherstthesis.cls
Document Class: amherstthesis 2019/08/26 Amherst College Statistics
(/opt/amh/texlive/2023/texmf-dist/tex/latex/base/book.cls
Document Class: book 2022/07/02 v1.4n Standard LaTeX document class
(/opt/amh/texlive/2023/texmf-dist/tex/latex/base/bk12.clo
File: bk12.clo 2022/07/02 v1.4n Standard LaTeX file (size option)
)
\c@part=\count185
\c@chapter=\count186
\c@section=\count187
\c@subsection=\count188
\c@subsubsection=\count189
\c@paragraph=\count190
\c@subparagraph=\count191
\c@figure=\count192
\c@table=\count193
\abovecaptionskip=\skip48
\belowcaptionskip=\skip49
\bibindent=\dimen140
) (/opt/amh/texlive/2023/texmf-dist/tex/latex/fancyhdr/fancyhdr.sty
Package: fancyhdr 2022/11/09 v4.1 Extensive control of page headers and footers

\f@nch@headwidth=\skip50
\f@nch@O@elh=\skip51
\f@nch@O@erh=\skip52
\f@nch@O@olh=\skip53
\f@nch@O@orh=\skip54
\f@nch@O@elf=\skip55
\f@nch@O@erf=\skip56
\f@nch@O@olf=\skip57
\f@nch@O@orf=\skip58
) (/opt/amh/texlive/2023/texmf-dist/tex/latex/setspace/setspace.sty
Package: setspace 2022/12/04 v6.7b set line spacing
) (/opt/amh/texlive/2023/texmf-dist/tex/generic/iftex/ifxetex.sty
Package: ifxetex 2019/10/25 v0.7 ifxetex legacy package. Use iftex instead.
(/opt/amh/texlive/2023/texmf-dist/tex/generic/iftex/iftex.sty
Package: iftex 2022/02/03 v1.0f TeX engine tests
)) (/opt/amh/texlive/2023/texmf-dist/tex/generic/iftex/ifluatex.sty
Package: ifluatex 2019/10/25 v1.5 ifluatex legacy package. Use iftex instead.
) (/opt/amh/texlive/2023/texmf-dist/tex/latex/base/fixltx2e.sty
Package: fixltx2e 2016/12/29 v2.1a fixes to LaTeX (obsolete)
Applying: [2015/01/01] Old fixltx2e package on input line 46.

Package fixltx2e Warning: fixltx2e is not required with releases after 2015
(fixltx2e)                All fixes are now in the LaTeX kernel.
(fixltx2e)                See the latexrelease package for details.

Already applied: [0000/00/00] Old fixltx2e package on input line 53.
) (/opt/amh/texlive/2023/texmf-dist/tex/latex/base/fontenc.sty
Package: fontenc 2021/04/29 v2.0v Standard LaTeX package
) (/opt/amh/texlive/2023/texmf-dist/tex/latex/base/inputenc.sty
Package: inputenc 2021/02/14 v1.3d Input encoding file
\inpenc@prehook=\toks16
\inpenc@posthook=\toks17
) (/opt/amh/texlive/2023/texmf-dist/tex/latex/upquote/upquote.sty
Package: upquote 2012/04/19 v1.3 upright-quote and grave-accent glyphs in verba
tim
(/opt/amh/texlive/2023/texmf-dist/tex/latex/base/textcomp.sty
Package: textcomp 2020/02/02 v2.0n Standard LaTeX package
)) (/opt/amh/texlive/2023/texmf-dist/tex/latex/microtype/microtype.sty
Package: microtype 2023/03/13 v3.1a Micro-typographical refinements (RS)
(/opt/amh/texlive/2023/texmf-dist/tex/latex/graphics/keyval.sty
Package: keyval 2022/05/29 v1.15 key=value parser (DPC)
\KV@toks@=\toks18
) (/opt/amh/texlive/2023/texmf-dist/tex/latex/etoolbox/etoolbox.sty
Package: etoolbox 2020/10/05 v2.5k e-TeX tools for LaTeX (JAW)
\etb@tempcnta=\count194
)
\MT@toks=\toks19
\MT@tempbox=\box51
\MT@count=\count195
LaTeX Info: Redefining \noprotrusionifhmode on input line 1059.
LaTeX Info: Redefining \leftprotrusion on input line 1060.
\MT@prot@toks=\toks20
LaTeX Info: Redefining \rightprotrusion on input line 1078.
LaTeX Info: Redefining \textls on input line 1368.
\MT@outer@kern=\dimen141
LaTeX Info: Redefining \textmicrotypecontext on input line 1988.
\MT@listname@count=\count196
(/opt/amh/texlive/2023/texmf-dist/tex/latex/microtype/microtype-pdftex.def
File: microtype-pdftex.def 2023/03/13 v3.1a Definitions specific to pdftex (RS)

LaTeX Info: Redefining \lsstyle on input line 902.
LaTeX Info: Redefining \lslig on input line 902.
\MT@outer@space=\skip59
)
Package microtype Info: Loading configuration file microtype.cfg.
(/opt/amh/texlive/2023/texmf-dist/tex/latex/microtype/microtype.cfg
File: microtype.cfg 2023/03/13 v3.1a microtype main configuration file (RS)
))) (/opt/amh/texlive/2023/texmf-dist/tex/latex/graphics/graphicx.sty
Package: graphicx 2021/09/16 v1.2d Enhanced LaTeX Graphics (DPC,SPQR)
(/opt/amh/texlive/2023/texmf-dist/tex/latex/graphics/graphics.sty
Package: graphics 2022/03/10 v1.4e Standard LaTeX Graphics (DPC,SPQR)
(/opt/amh/texlive/2023/texmf-dist/tex/latex/graphics/trig.sty
Package: trig 2021/08/11 v1.11 sin cos tan (DPC)
) (/opt/amh/texlive/2023/texmf-dist/tex/latex/graphics-cfg/graphics.cfg
File: graphics.cfg 2016/06/04 v1.11 sample graphics configuration
)
Package graphics Info: Driver file: pdftex.def on input line 107.
(/opt/amh/texlive/2023/texmf-dist/tex/latex/graphics-def/pdftex.def
File: pdftex.def 2022/09/22 v1.2b Graphics/color driver for pdftex
))
\Gin@req@height=\dimen142
\Gin@req@width=\dimen143
) (/opt/amh/texlive/2023/texmf-dist/tex/latex/base/latexsym.sty
Package: latexsym 1998/08/17 v2.2e Standard LaTeX package (lasy symbols)
\symlasy=\mathgroup4
LaTeX Font Info:    Overwriting symbol font `lasy' in version `bold'
(Font)                  U/lasy/m/n --> U/lasy/b/n on input line 52.
) (/opt/amh/texlive/2023/texmf-dist/tex/latex/amsmath/amsmath.sty
Package: amsmath 2022/04/08 v2.17n AMS math features
\@mathmargin=\skip60
For additional information on amsmath, use the `?' option.
(/opt/amh/texlive/2023/texmf-dist/tex/latex/amsmath/amstext.sty
Package: amstext 2021/08/26 v2.01 AMS text
(/opt/amh/texlive/2023/texmf-dist/tex/latex/amsmath/amsgen.sty
File: amsgen.sty 1999/11/30 v2.0 generic functions
\@emptytoks=\toks21
\ex@=\dimen144
)) (/opt/amh/texlive/2023/texmf-dist/tex/latex/amsmath/amsbsy.sty
Package: amsbsy 1999/11/29 v1.2d Bold Symbols
\pmbraise@=\dimen145
) (/opt/amh/texlive/2023/texmf-dist/tex/latex/amsmath/amsopn.sty
Package: amsopn 2022/04/08 v2.04 operator names
)
\inf@bad=\count197
LaTeX Info: Redefining \frac on input line 234.
\uproot@=\count198
\leftroot@=\count199
LaTeX Info: Redefining \overline on input line 399.
LaTeX Info: Redefining \colon on input line 410.
\classnum@=\count266
\DOTSCASE@=\count267
LaTeX Info: Redefining \ldots on input line 496.
LaTeX Info: Redefining \dots on input line 499.
LaTeX Info: Redefining \cdots on input line 620.
\Mathstrutbox@=\box52
\strutbox@=\box53
LaTeX Info: Redefining \big on input line 722.
LaTeX Info: Redefining \Big on input line 723.
LaTeX Info: Redefining \bigg on input line 724.
LaTeX Info: Redefining \Bigg on input line 725.
\big@size=\dimen146
LaTeX Font Info:    Redeclaring font encoding OML on input line 743.
LaTeX Font Info:    Redeclaring font encoding OMS on input line 744.
\macc@depth=\count268
LaTeX Info: Redefining \bmod on input line 905.
LaTeX Info: Redefining \pmod on input line 910.
LaTeX Info: Redefining \smash on input line 940.
LaTeX Info: Redefining \relbar on input line 970.
LaTeX Info: Redefining \Relbar on input line 971.
\c@MaxMatrixCols=\count269
\dotsspace@=\muskip16
\c@parentequation=\count270
\dspbrk@lvl=\count271
\tag@help=\toks22
\row@=\count272
\column@=\count273
\maxfields@=\count274
\andhelp@=\toks23
\eqnshift@=\dimen147
\alignsep@=\dimen148
\tagshift@=\dimen149
\tagwidth@=\dimen150
\totwidth@=\dimen151
\lineht@=\dimen152
\@envbody=\toks24
\multlinegap=\skip61
\multlinetaggap=\skip62
\mathdisplay@stack=\toks25
LaTeX Info: Redefining \[ on input line 2953.
LaTeX Info: Redefining \] on input line 2954.
) (/opt/amh/texlive/2023/texmf-dist/tex/latex/amsfonts/amssymb.sty
Package: amssymb 2013/01/14 v3.01 AMS font symbols
(/opt/amh/texlive/2023/texmf-dist/tex/latex/amsfonts/amsfonts.sty
Package: amsfonts 2013/01/14 v3.01 Basic AMSFonts support
\symAMSa=\mathgroup5
\symAMSb=\mathgroup6
LaTeX Font Info:    Redeclaring math symbol \hbar on input line 98.
LaTeX Font Info:    Overwriting math alphabet `\mathfrak' in version `bold'
(Font)                  U/euf/m/n --> U/euf/b/n on input line 106.
)) (/opt/amh/texlive/2023/texmf-dist/tex/latex/amscls/amsthm.sty
Package: amsthm 2020/05/29 v2.20.6
\thm@style=\toks26
\thm@bodyfont=\toks27
\thm@headfont=\toks28
\thm@notefont=\toks29
\thm@headpunct=\toks30
\thm@preskip=\skip63
\thm@postskip=\skip64
\thm@headsep=\skip65
\dth@everypar=\toks31
) (/opt/amh/texlive/2023/texmf-dist/tex/latex/tools/longtable.sty
Package: longtable 2021-09-01 v4.17 Multi-page Table package (DPC)
\LTleft=\skip66
\LTright=\skip67
\LTpre=\skip68
\LTpost=\skip69
\LTchunksize=\count275
\LTcapwidth=\dimen153
\LT@head=\box54
\LT@firsthead=\box55
\LT@foot=\box56
\LT@lastfoot=\box57
\LT@gbox=\box58
\LT@cols=\count276
\LT@rows=\count277
\c@LT@tables=\count278
\c@LT@chunks=\count279
\LT@p@ftn=\toks32
) (/opt/amh/texlive/2023/texmf-dist/tex/latex/booktabs/booktabs.sty
Package: booktabs 2020/01/12 v1.61803398 Publication quality tables
\heavyrulewidth=\dimen154
\lightrulewidth=\dimen155
\cmidrulewidth=\dimen156
\belowrulesep=\dimen157
\belowbottomsep=\dimen158
\aboverulesep=\dimen159
\abovetopsep=\dimen160
\cmidrulesep=\dimen161
\cmidrulekern=\dimen162
\defaultaddspace=\dimen163
\@cmidla=\count280
\@cmidlb=\count281
\@aboverulesep=\dimen164
\@belowrulesep=\dimen165
\@thisruleclass=\count282
\@lastruleclass=\count283
\@thisrulewidth=\dimen166
) (/opt/amh/texlive/2023/texmf-dist/tex/latex/url/url.sty
\Urlmuskip=\muskip17
Package: url 2013/09/16  ver 3.4  Verb mode for urls, etc.
) (/opt/amh/texlive/2023/texmf-dist/tex/latex/hyperref/hyperref.sty
Package: hyperref 2023-02-07 v7.00v Hypertext links for LaTeX
(/opt/amh/texlive/2023/texmf-dist/tex/generic/ltxcmds/ltxcmds.sty
Package: ltxcmds 2020-05-10 v1.25 LaTeX kernel commands for general use (HO)
) (/opt/amh/texlive/2023/texmf-dist/tex/generic/pdftexcmds/pdftexcmds.sty
Package: pdftexcmds 2020-06-27 v0.33 Utility functions of pdfTeX for LuaTeX (HO
)
(/opt/amh/texlive/2023/texmf-dist/tex/generic/infwarerr/infwarerr.sty
Package: infwarerr 2019/12/03 v1.5 Providing info/warning/error messages (HO)
)
Package pdftexcmds Info: \pdf@primitive is available.
Package pdftexcmds Info: \pdf@ifprimitive is available.
Package pdftexcmds Info: \pdfdraftmode found.
) (/opt/amh/texlive/2023/texmf-dist/tex/latex/kvsetkeys/kvsetkeys.sty
Package: kvsetkeys 2022-10-05 v1.19 Key value parser (HO)
) (/opt/amh/texlive/2023/texmf-dist/tex/generic/kvdefinekeys/kvdefinekeys.sty
Package: kvdefinekeys 2019-12-19 v1.6 Define keys (HO)
) (/opt/amh/texlive/2023/texmf-dist/tex/generic/pdfescape/pdfescape.sty
Package: pdfescape 2019/12/09 v1.15 Implements pdfTeX's escape features (HO)
) (/opt/amh/texlive/2023/texmf-dist/tex/latex/hycolor/hycolor.sty
Package: hycolor 2020-01-27 v1.10 Color options for hyperref/bookmark (HO)
) (/opt/amh/texlive/2023/texmf-dist/tex/latex/letltxmacro/letltxmacro.sty
Package: letltxmacro 2019/12/03 v1.6 Let assignment for LaTeX macros (HO)
) (/opt/amh/texlive/2023/texmf-dist/tex/latex/auxhook/auxhook.sty
Package: auxhook 2019-12-17 v1.6 Hooks for auxiliary files (HO)
) (/opt/amh/texlive/2023/texmf-dist/tex/latex/hyperref/nameref.sty
Package: nameref 2022-05-17 v2.50 Cross-referencing by name of section
(/opt/amh/texlive/2023/texmf-dist/tex/latex/refcount/refcount.sty
Package: refcount 2019/12/15 v3.6 Data extraction from label references (HO)
)
(/opt/amh/texlive/2023/texmf-dist/tex/generic/gettitlestring/gettitlestring.sty
Package: gettitlestring 2019/12/15 v1.6 Cleanup title references (HO)
(/opt/amh/texlive/2023/texmf-dist/tex/latex/kvoptions/kvoptions.sty
Package: kvoptions 2022-06-15 v3.15 Key value format for package options (HO)
))
\c@section@level=\count284
)
\@linkdim=\dimen167
\Hy@linkcounter=\count285
\Hy@pagecounter=\count286
(/opt/amh/texlive/2023/texmf-dist/tex/latex/hyperref/pd1enc.def
File: pd1enc.def 2023-02-07 v7.00v Hyperref: PDFDocEncoding definition (HO)
Now handling font encoding PD1 ...
... no UTF-8 mapping file for font encoding PD1
) (/opt/amh/texlive/2023/texmf-dist/tex/generic/intcalc/intcalc.sty
Package: intcalc 2019/12/15 v1.3 Expandable calculations with integers (HO)
) (/opt/amh/texlive/2023/texmf-dist/tex/generic/etexcmds/etexcmds.sty
Package: etexcmds 2019/12/15 v1.7 Avoid name clashes with e-TeX commands (HO)
)
\Hy@SavedSpaceFactor=\count287
(/opt/amh/texlive/2023/texmf-dist/tex/latex/hyperref/puenc.def
File: puenc.def 2023-02-07 v7.00v Hyperref: PDF Unicode definition (HO)
Now handling font encoding PU ...
... no UTF-8 mapping file for font encoding PU
)
Package hyperref Info: Hyper figures OFF on input line 4177.
Package hyperref Info: Link nesting OFF on input line 4182.
Package hyperref Info: Hyper index ON on input line 4185.
Package hyperref Info: Plain pages OFF on input line 4192.
Package hyperref Info: Backreferencing OFF on input line 4197.
Package hyperref Info: Implicit mode ON; LaTeX internals redefined.
Package hyperref Info: Bookmarks ON on input line 4425.
\c@Hy@tempcnt=\count288
LaTeX Info: Redefining \url on input line 4763.
\XeTeXLinkMargin=\dimen168
(/opt/amh/texlive/2023/texmf-dist/tex/generic/bitset/bitset.sty
Package: bitset 2019/12/09 v1.3 Handle bit-vector datatype (HO)
(/opt/amh/texlive/2023/texmf-dist/tex/generic/bigintcalc/bigintcalc.sty
Package: bigintcalc 2019/12/15 v1.5 Expandable calculations on big integers (HO
)
))
\Fld@menulength=\count289
\Field@Width=\dimen169
\Fld@charsize=\dimen170
Package hyperref Info: Hyper figures OFF on input line 6042.
Package hyperref Info: Link nesting OFF on input line 6047.
Package hyperref Info: Hyper index ON on input line 6050.
Package hyperref Info: backreferencing OFF on input line 6057.
Package hyperref Info: Link coloring OFF on input line 6062.
Package hyperref Info: Link coloring with OCG OFF on input line 6067.
Package hyperref Info: PDF/A mode OFF on input line 6072.
(/opt/amh/texlive/2023/texmf-dist/tex/latex/base/atbegshi-ltx.sty
Package: atbegshi-ltx 2021/01/10 v1.0c Emulation of the original atbegshi
package with kernel methods
)
\Hy@abspage=\count290
\c@Item=\count291
\c@Hfootnote=\count292
)
Package hyperref Info: Driver (autodetected): hpdftex.
(/opt/amh/texlive/2023/texmf-dist/tex/latex/hyperref/hpdftex.def
File: hpdftex.def 2023-02-07 v7.00v Hyperref driver for pdfTeX
(/opt/amh/texlive/2023/texmf-dist/tex/latex/base/atveryend-ltx.sty
Package: atveryend-ltx 2020/08/19 v1.0a Emulation of the original atveryend pac
kage
with kernel methods
)
\Fld@listcount=\count293
\c@bookmark@seq@number=\count294
(/opt/amh/texlive/2023/texmf-dist/tex/latex/rerunfilecheck/rerunfilecheck.sty
Package: rerunfilecheck 2022-07-10 v1.10 Rerun checks for auxiliary files (HO)
(/opt/amh/texlive/2023/texmf-dist/tex/generic/uniquecounter/uniquecounter.sty
Package: uniquecounter 2019/12/15 v1.4 Provide unlimited unique counter (HO)
)
Package uniquecounter Info: New unique counter `rerunfilecheck' on input line 2
85.
)
\Hy@SectionHShift=\skip70
) (/opt/amh/texlive/2023/texmf-dist/tex/latex/lm/lmodern.sty
Package: lmodern 2015/05/01 v1.6.1 Latin Modern Fonts
LaTeX Font Info:    Overwriting symbol font `operators' in version `normal'
(Font)                  OT1/cmr/m/n --> OT1/lmr/m/n on input line 22.
LaTeX Font Info:    Overwriting symbol font `letters' in version `normal'
(Font)                  OML/cmm/m/it --> OML/lmm/m/it on input line 23.
LaTeX Font Info:    Overwriting symbol font `symbols' in version `normal'
(Font)                  OMS/cmsy/m/n --> OMS/lmsy/m/n on input line 24.
LaTeX Font Info:    Overwriting symbol font `largesymbols' in version `normal'
(Font)                  OMX/cmex/m/n --> OMX/lmex/m/n on input line 25.
LaTeX Font Info:    Overwriting symbol font `operators' in version `bold'
(Font)                  OT1/cmr/bx/n --> OT1/lmr/bx/n on input line 26.
LaTeX Font Info:    Overwriting symbol font `letters' in version `bold'
(Font)                  OML/cmm/b/it --> OML/lmm/b/it on input line 27.
LaTeX Font Info:    Overwriting symbol font `symbols' in version `bold'
(Font)                  OMS/cmsy/b/n --> OMS/lmsy/b/n on input line 28.
LaTeX Font Info:    Overwriting symbol font `largesymbols' in version `bold'
(Font)                  OMX/cmex/m/n --> OMX/lmex/m/n on input line 29.
LaTeX Font Info:    Overwriting math alphabet `\mathbf' in version `normal'
(Font)                  OT1/cmr/bx/n --> OT1/lmr/bx/n on input line 31.
LaTeX Font Info:    Overwriting math alphabet `\mathsf' in version `normal'
(Font)                  OT1/cmss/m/n --> OT1/lmss/m/n on input line 32.
LaTeX Font Info:    Overwriting math alphabet `\mathit' in version `normal'
(Font)                  OT1/cmr/m/it --> OT1/lmr/m/it on input line 33.
LaTeX Font Info:    Overwriting math alphabet `\mathtt' in version `normal'
(Font)                  OT1/cmtt/m/n --> OT1/lmtt/m/n on input line 34.
LaTeX Font Info:    Overwriting math alphabet `\mathbf' in version `bold'
(Font)                  OT1/cmr/bx/n --> OT1/lmr/bx/n on input line 35.
LaTeX Font Info:    Overwriting math alphabet `\mathsf' in version `bold'
(Font)                  OT1/cmss/bx/n --> OT1/lmss/bx/n on input line 36.
LaTeX Font Info:    Overwriting math alphabet `\mathit' in version `bold'
(Font)                  OT1/cmr/bx/it --> OT1/lmr/bx/it on input line 37.
LaTeX Font Info:    Overwriting math alphabet `\mathtt' in version `bold'
(Font)                  OT1/cmtt/m/n --> OT1/lmtt/m/n on input line 38.
) (/opt/amh/texlive/2023/texmf-dist/tex/latex/float/float.sty
Package: float 2001/11/08 v1.3d Float enhancements (AL)
\c@float@type=\count295
\float@exts=\toks33
\float@box=\box59
\@float@everytoks=\toks34
\@floatcapt=\box60
) (/opt/amh/texlive/2023/texmf-dist/tex/latex/graphics/rotating.sty
Package: rotating 2016/08/11 v2.16d rotated objects in LaTeX
(/opt/amh/texlive/2023/texmf-dist/tex/latex/base/ifthen.sty
Package: ifthen 2022/04/13 v1.1d Standard LaTeX ifthen package (DPC)
)
\c@r@tfl@t=\count296
\rotFPtop=\skip71
\rotFPbot=\skip72
\rot@float@box=\box61
\rot@mess@toks=\toks35
) (/opt/amh/texlive/2023/texmf-dist/tex/latex/fancyvrb/fancyvrb.sty
Package: fancyvrb 2023/01/19 4.5a verbatim text (tvz,hv)
\FV@CodeLineNo=\count297
\FV@InFile=\read2
\FV@TabBox=\box62
\c@FancyVerbLine=\count298
\FV@StepNumber=\count299
\FV@OutFile=\write3
) (/opt/amh/texlive/2023/texmf-dist/tex/latex/tools/array.sty
Package: array 2022/09/04 v2.5g Tabular extension package (FMi)
\col@sep=\dimen171
\ar@mcellbox=\box63
\extrarowheight=\dimen172
\NC@list=\toks36
\extratabsurround=\skip73
\backup@length=\skip74
\ar@cellbox=\box64
) (/opt/amh/texlive/2023/texmf-dist/tex/latex/multirow/multirow.sty
Package: multirow 2021/03/15 v2.8 Span multiple rows of a table
\multirow@colwidth=\skip75
\multirow@cntb=\count300
\multirow@dima=\skip76
\bigstrutjot=\dimen173
) (/opt/amh/texlive/2023/texmf-dist/tex/latex/wrapfig/wrapfig.sty
\wrapoverhang=\dimen174
\WF@size=\dimen175
\c@WF@wrappedlines=\count301
\WF@box=\box65
\WF@everypar=\toks37
Package: wrapfig 2003/01/31  v 3.6
) (/opt/amh/texlive/2023/texmf-dist/tex/latex/colortbl/colortbl.sty
Package: colortbl 2022/06/20 v1.0f Color table columns (DPC)
(/opt/amh/texlive/2023/texmf-dist/tex/latex/graphics/color.sty
Package: color 2022/01/06 v1.3d Standard LaTeX Color (DPC)
(/opt/amh/texlive/2023/texmf-dist/tex/latex/graphics-cfg/color.cfg
File: color.cfg 2016/01/02 v1.6 sample color configuration
)
Package color Info: Driver file: pdftex.def on input line 149.
(/opt/amh/texlive/2023/texmf-dist/tex/latex/graphics/mathcolor.ltx))
\everycr=\toks38
\minrowclearance=\skip77
\rownum=\count302
) (/opt/amh/texlive/2023/texmf-dist/tex/latex/pdflscape/pdflscape.sty
Package: pdflscape 2022-10-27 v0.13 Display of landscape pages in PDF
(/opt/amh/texlive/2023/texmf-dist/tex/latex/pdflscape/pdflscape-nometadata.sty
Package: pdflscape-nometadata 2022-10-28 v0.13 Display of landscape pages in PD
F (HO)
(/opt/amh/texlive/2023/texmf-dist/tex/latex/graphics/lscape.sty
Package: lscape 2020/05/28 v3.02 Landscape Pages (DPC)
)
Package pdflscape Info: Auto-detected driver: pdftex on input line 81.
)) (/opt/amh/texlive/2023/texmf-dist/tex/latex/tabu/tabu.sty
Package: tabu 2019/01/11 v2.9 - flexible LaTeX tabulars (FC+tabu-fixed)
(/opt/amh/texlive/2023/texmf-dist/tex/latex/varwidth/varwidth.sty
Package: varwidth 2009/03/30 ver 0.92;  Variable-width minipages
\@vwid@box=\box66
\sift@deathcycles=\count303
\@vwid@loff=\dimen176
\@vwid@roff=\dimen177
)
\c@taburow=\count304
\tabu@nbcols=\count305
\tabu@cnt=\count306
\tabu@Xcol=\count307
\tabu@alloc=\count308
\tabu@nested=\count309
\tabu@target=\dimen178
\tabu@spreadtarget=\dimen179
\tabu@naturalX=\dimen180
\tabucolX=\dimen181
\tabu@Xsum=\dimen182
\extrarowdepth=\dimen183
\abovetabulinesep=\dimen184
\belowtabulinesep=\dimen185
\tabustrutrule=\dimen186
\tabu@thebody=\toks39
\tabu@footnotes=\toks40
\tabu@box=\box67
\tabu@arstrutbox=\box68
\tabu@hleads=\box69
\tabu@vleads=\box70
\tabu@cellskip=\skip78
) (/opt/amh/texlive/2023/texmf-dist/tex/latex/threeparttable/threeparttable.sty
Package: threeparttable 2003/06/13  v 3.0
\@tempboxb=\box71
)
(/opt/amh/texlive/2023/texmf-dist/tex/latex/threeparttablex/threeparttablex.sty
Package: threeparttablex 2013/07/23 v0.3 by daleif
(/opt/amh/texlive/2023/texmf-dist/tex/latex/environ/environ.sty
Package: environ 2014/05/04 v0.3 A new way to define environments
(/opt/amh/texlive/2023/texmf-dist/tex/latex/trimspaces/trimspaces.sty
Package: trimspaces 2009/09/17 v1.1 Trim spaces around a token list
))
\TPTL@width=\skip79
) (/opt/amh/texlive/2023/texmf-dist/tex/generic/ulem/ulem.sty
\UL@box=\box72
\UL@hyphenbox=\box73
\UL@skip=\skip80
\UL@hook=\toks41
\UL@height=\dimen187
\UL@pe=\count310
\UL@pixel=\dimen188
\ULC@box=\box74
Package: ulem 2019/11/18
\ULdepth=\dimen189
) (/opt/amh/texlive/2023/texmf-dist/tex/latex/makecell/makecell.sty
Package: makecell 2009/08/03 V0.1e Managing of Tab Column Heads and Cells
\rotheadsize=\dimen190
\c@nlinenum=\count311
\TeXr@lab=\toks42
) (/opt/amh/texlive/2023/texmf-dist/tex/latex/xcolor/xcolor.sty
Package: xcolor 2022/06/12 v2.14 LaTeX color extensions (UK)
(/opt/amh/texlive/2023/texmf-dist/tex/latex/graphics-cfg/color.cfg
File: color.cfg 2016/01/02 v1.6 sample color configuration
)
Package xcolor Info: Driver file: pdftex.def on input line 227.
LaTeX Info: Redefining \color on input line 711.
(/opt/amh/texlive/2023/texmf-dist/tex/latex/graphics/mathcolor.ltx)
Package xcolor Info: Model `cmy' substituted by `cmy0' on input line 1353.
Package xcolor Info: Model `hsb' substituted by `rgb' on input line 1357.
Package xcolor Info: Model `RGB' extended on input line 1369.
Package xcolor Info: Model `HTML' substituted by `rgb' on input line 1371.
Package xcolor Info: Model `Hsb' substituted by `hsb' on input line 1372.
Package xcolor Info: Model `tHsb' substituted by `hsb' on input line 1373.
Package xcolor Info: Model `HSB' substituted by `hsb' on input line 1374.
Package xcolor Info: Model `Gray' substituted by `gray' on input line 1375.
Package xcolor Info: Model `wave' substituted by `hsb' on input line 1376.
)
Package hyperref Info: Option `colorlinks' set `true' on input line 72.
(/opt/amh/texlive/2023/texmf-dist/tex/latex/caption/caption.sty
Package: caption 2023/03/12 v3.6j Customizing captions (AR)
(/opt/amh/texlive/2023/texmf-dist/tex/latex/caption/caption3.sty
Package: caption3 2023/03/12 v2.4 caption3 kernel (AR)
\caption@tempdima=\dimen191
\captionmargin=\dimen192
\caption@leftmargin=\dimen193
\caption@rightmargin=\dimen194
\caption@width=\dimen195
\caption@indent=\dimen196
\caption@parindent=\dimen197
\caption@hangindent=\dimen198
Package caption Info: Standard document class detected.
)
\c@caption@flags=\count312
\c@continuedfloat=\count313
Package caption Info: float package is loaded.
Package caption Info: hyperref package is loaded.
Package caption Info: longtable package is loaded.
(/opt/amh/texlive/2023/texmf-dist/tex/latex/caption/ltcaption.sty
Package: ltcaption 2021/01/08 v1.4c longtable captions (AR)
)
Package caption Info: rotating package is loaded.
Package caption Info: threeparttable package is loaded.
Package caption Info: wrapfig package is loaded.
) (/opt/amh/texlive/2023/texmf-dist/tex/latex/titlesec/titlesec.sty
Package: titlesec 2021/07/05 v2.14 Sectioning titles
\ttl@box=\box75
\beforetitleunit=\skip81
\aftertitleunit=\skip82
\ttl@plus=\dimen199
\ttl@minus=\dimen256
\ttl@toksa=\toks43
\titlewidth=\dimen257
\titlewidthlast=\dimen258
\titlewidthfirst=\dimen259
) (/opt/amh/texlive/2023/texmf-dist/tex/latex/framed/framed.sty
Package: framed 2011/10/22 v 0.96: framed or shaded text with page breaks
\OuterFrameSep=\skip83
\fb@frw=\dimen260
\fb@frh=\dimen261
\FrameRule=\dimen262
\FrameSep=\dimen263
)
\cslhangindent=\skip84
LaTeX Font Info:    Trying to load font information for T1+lmr on input line 25
8.
(/opt/amh/texlive/2023/texmf-dist/tex/latex/lm/t1lmr.fd
File: t1lmr.fd 2015/05/01 v1.6.1 Font defs for Latin Modern
) (/opt/amh/texlive/2023/texmf-dist/tex/latex/l3backend/l3backend-pdftex.def
File: l3backend-pdftex.def 2023-03-30 L3 backend support: PDF output (pdfTeX)
\l__color_backend_stack_int=\count314
\l__pdf_internal_box=\box76
) (./Dasha-Asienga_StatThesis.aux

LaTeX Warning: Label `ch3eq3' multiply defined.

)
\openout1 = `Dasha-Asienga_StatThesis.aux'.

LaTeX Font Info:    Checking defaults for OML/cmm/m/it on input line 258.
LaTeX Font Info:    ... okay on input line 258.
LaTeX Font Info:    Checking defaults for OMS/cmsy/m/n on input line 258.
LaTeX Font Info:    ... okay on input line 258.
LaTeX Font Info:    Checking defaults for OT1/cmr/m/n on input line 258.
LaTeX Font Info:    ... okay on input line 258.
LaTeX Font Info:    Checking defaults for T1/cmr/m/n on input line 258.
LaTeX Font Info:    ... okay on input line 258.
LaTeX Font Info:    Checking defaults for TS1/cmr/m/n on input line 258.
LaTeX Font Info:    ... okay on input line 258.
LaTeX Font Info:    Checking defaults for OMX/cmex/m/n on input line 258.
LaTeX Font Info:    ... okay on input line 258.
LaTeX Font Info:    Checking defaults for U/cmr/m/n on input line 258.
LaTeX Font Info:    ... okay on input line 258.
LaTeX Font Info:    Checking defaults for PD1/pdf/m/n on input line 258.
LaTeX Font Info:    ... okay on input line 258.
LaTeX Font Info:    Checking defaults for PU/pdf/m/n on input line 258.
LaTeX Font Info:    ... okay on input line 258.
LaTeX Info: Redefining \microtypecontext on input line 258.
Package microtype Info: Applying patch `item' on input line 258.
Package microtype Info: Applying patch `toc' on input line 258.
Package microtype Info: Applying patch `eqnum' on input line 258.
Package microtype Info: Applying patch `footnote' on input line 258.
Package microtype Info: Applying patch `verbatim' on input line 258.
Package microtype Info: Generating PDF output.
Package microtype Info: Character protrusion enabled (level 2).
Package microtype Info: Using protrusion set `basicmath'.
Package microtype Info: Automatic font expansion enabled (level 2),
(microtype)             stretch: 20, shrink: 20, step: 1, non-selected.
Package microtype Info: Using default expansion set `alltext-nott'.
LaTeX Info: Redefining \showhyphens on input line 258.
Package microtype Info: No adjustment of tracking.
Package microtype Info: No adjustment of interword spacing.
Package microtype Info: No adjustment of character kerning.
(/opt/amh/texlive/2023/texmf-dist/tex/latex/microtype/mt-cmr.cfg
File: mt-cmr.cfg 2013/05/19 v2.2 microtype config. file: Computer Modern Roman 
(RS)
) (/opt/amh/texlive/2023/texmf-dist/tex/context/base/mkii/supp-pdf.mkii
[Loading MPS to PDF converter (version 2006.09.02).]
\scratchcounter=\count315
\scratchdimen=\dimen264
\scratchbox=\box77
\nofMPsegments=\count316
\nofMParguments=\count317
\everyMPshowfont=\toks44
\MPscratchCnt=\count318
\MPscratchDim=\dimen265
\MPnumerator=\count319
\makeMPintoPDFobject=\count320
\everyMPtoPDFconversion=\toks45
) (/opt/amh/texlive/2023/texmf-dist/tex/latex/epstopdf-pkg/epstopdf-base.sty
Package: epstopdf-base 2020-01-24 v2.11 Base part for package epstopdf
Package epstopdf-base Info: Redefining graphics rule for `.eps' on input line 4
85.
(/opt/amh/texlive/2023/texmf-dist/tex/latex/latexconfig/epstopdf-sys.cfg
File: epstopdf-sys.cfg 2010/07/13 v1.3 Configuration of (r)epstopdf for TeX Liv
e
))
Package hyperref Info: Link coloring ON on input line 258.
(./Dasha-Asienga_StatThesis.out) (./Dasha-Asienga_StatThesis.out)
\@outlinefile=\write4
\openout4 = `Dasha-Asienga_StatThesis.out'.

Package caption Info: Begin \AtBeginDocument code.
Package caption Info: End \AtBeginDocument code.
Package microtype Info: Character `029' is missing
(microtype)             in font `T1/lmr/m/sc/12'.
(microtype)             Ignoring protrusion settings for this character.
[1
Non-PDF special ignored!
<special> !% Amherst College LaTeX Thesis Class April 2020 BEB
Non-PDF special ignored!
<special> rawpostscript % Amherst College LaTeX Thesis Class April 2020 BEB


{/opt/amh/texlive/2023/texmf-var/fonts/map/pdftex/updmap/pdftex.map}{/opt/amh/t
exlive/2023/texmf-dist/fonts/enc/dvips/lm/lm-ec.enc}] [2

] [1

] [2


] [3] [4


] (./Dasha-Asienga_StatThesis.toc
LaTeX Font Info:    Trying to load font information for OT1+lmr on input line 1
.
(/opt/amh/texlive/2023/texmf-dist/tex/latex/lm/ot1lmr.fd
File: ot1lmr.fd 2015/05/01 v1.6.1 Font defs for Latin Modern
)
LaTeX Font Info:    Trying to load font information for OML+lmm on input line 1
.
(/opt/amh/texlive/2023/texmf-dist/tex/latex/lm/omllmm.fd
File: omllmm.fd 2015/05/01 v1.6.1 Font defs for Latin Modern
)
LaTeX Font Info:    Trying to load font information for OMS+lmsy on input line 
1.
(/opt/amh/texlive/2023/texmf-dist/tex/latex/lm/omslmsy.fd
File: omslmsy.fd 2015/05/01 v1.6.1 Font defs for Latin Modern
)
LaTeX Font Info:    Trying to load font information for OMX+lmex on input line 
1.
(/opt/amh/texlive/2023/texmf-dist/tex/latex/lm/omxlmex.fd
File: omxlmex.fd 2015/05/01 v1.6.1 Font defs for Latin Modern
)
LaTeX Font Info:    External font `lmex10' loaded for size
(Font)              <12> on input line 1.
LaTeX Font Info:    External font `lmex10' loaded for size
(Font)              <8> on input line 1.
LaTeX Font Info:    External font `lmex10' loaded for size
(Font)              <6> on input line 1.
LaTeX Font Info:    Trying to load font information for U+lasy on input line 1.

(/opt/amh/texlive/2023/texmf-dist/tex/latex/base/ulasy.fd
File: ulasy.fd 1998/08/17 v2.2e LaTeX symbol font definitions
)
LaTeX Font Info:    Trying to load font information for U+msa on input line 1.
(/opt/amh/texlive/2023/texmf-dist/tex/latex/amsfonts/umsa.fd
File: umsa.fd 2013/01/14 v3.01 AMS symbols A
) (/opt/amh/texlive/2023/texmf-dist/tex/latex/microtype/mt-msa.cfg
File: mt-msa.cfg 2006/02/04 v1.1 microtype config. file: AMS symbols (a) (RS)
)
LaTeX Font Info:    Trying to load font information for U+msb on input line 1.
(/opt/amh/texlive/2023/texmf-dist/tex/latex/amsfonts/umsb.fd
File: umsb.fd 2013/01/14 v3.01 AMS symbols B
) (/opt/amh/texlive/2023/texmf-dist/tex/latex/microtype/mt-msb.cfg
File: mt-msb.cfg 2005/06/01 v1.0 microtype config. file: AMS symbols (b) (RS)
) [5] [6])
\tf@toc=\write5
\openout5 = `Dasha-Asienga_StatThesis.toc'.

[7] [8

] (./Dasha-Asienga_StatThesis.lot)
\tf@lot=\write6
\openout6 = `Dasha-Asienga_StatThesis.lot'.

[9{/opt/amh/texlive/2023/texmf-dist/fonts/enc/dvips/lm/lm-mathit.enc}] [10

] (./Dasha-Asienga_StatThesis.lof
Underfull \vbox (badness 10000) has occurred while \output is active []

[11])
\tf@lof=\write7
\openout7 = `Dasha-Asienga_StatThesis.lof'.

[12]
Chapter 1.

Underfull \vbox (badness 10000) has occurred while \output is active []


pdfTeX warning (ext4): destination with the same identifier (name{page.1}) has 
been already used, duplicate ignored
<to be read again> 
                   \relax 
l.297 
       [1


]
Underfull \vbox (badness 3657) has occurred while \output is active []


pdfTeX warning (ext4): destination with the same identifier (name{page.2}) has 
been already used, duplicate ignored
<to be read again> 
                   \relax 
l.306 
       [2]
<figures/compas1.png, id=428, 600.2425pt x 111.41624pt>
File: figures/compas1.png Graphic file (type png)
<use figures/compas1.png>
Package pdftex.def Info: figures/compas1.png  used on input line 312.
(pdftex.def)             Requested size: 433.62pt x 80.48994pt.

Underfull \vbox (badness 10000) has occurred while \output is active []

[3] [4 <./figures/compas1.png>]
Underfull \vbox (badness 3657) has occurred while \output is active []

[5] [6{/opt/amh/texlive/2023/texmf-dist/fonts/enc/dvips/lm/lm-mathsy.enc}{/opt/
amh/texlive/2023/texmf-dist/fonts/enc/dvips/lm/lm-rm.enc}] [7]
<figures/dp.png, id=466, 489.83pt x 252.945pt>
File: figures/dp.png Graphic file (type png)
<use figures/dp.png>
Package pdftex.def Info: figures/dp.png  used on input line 376.
(pdftex.def)             Requested size: 433.62pt x 223.92386pt.
[8 <./figures/dp.png>]
Underfull \vbox (badness 10000) has occurred while \output is active []

[9]
<figures/confusionmatrix.png, id=481, 647.41875pt x 458.71375pt>
File: figures/confusionmatrix.png Graphic file (type png)
<use figures/confusionmatrix.png>
Package pdftex.def Info: figures/confusionmatrix.png  used on input line 411.
(pdftex.def)             Requested size: 325.215pt x 230.42722pt.

Underfull \vbox (badness 10000) has occurred while \output is active []

[10] [11 <./figures/confusionmatrix.png>]
<figures/eoo.png, id=498, 603.25375pt x 646.415pt>
File: figures/eoo.png Graphic file (type png)
<use figures/eoo.png>
Package pdftex.def Info: figures/eoo.png  used on input line 429.
(pdftex.def)             Requested size: 260.17464pt x 278.78156pt.
[12 <./figures/eoo.png>]
Underfull \hbox (badness 10000) in paragraph at lines 467--468

 []

[13] [14]
Underfull \vbox (badness 10000) has occurred while \output is active []

[15]
Underfull \hbox (badness 10000) in paragraph at lines 529--530

 []


Underfull \vbox (badness 10000) has occurred while \output is active []

[16] [17] [18

]
Chapter 2.

Underfull \vbox (badness 1194) has occurred while \output is active []

[19]
Underfull \vbox (badness 10000) has occurred while \output is active []

[20{/opt/amh/texlive/2023/texmf-dist/fonts/enc/dvips/lm/lm-mathex.enc}]
<Dasha-Asienga_StatThesis_files/figure-latex/fig1-1.pdf, id=574, 307.1475pt x 2
04.765pt>
File: Dasha-Asienga_StatThesis_files/figure-latex/fig1-1.pdf Graphic file (type
 pdf)
<use Dasha-Asienga_StatThesis_files/figure-latex/fig1-1.pdf>
Package pdftex.def Info: Dasha-Asienga_StatThesis_files/figure-latex/fig1-1.pdf
  used on input line 573.
(pdftex.def)             Requested size: 307.14674pt x 204.76448pt.

Underfull \vbox (badness 10000) has occurred while \output is active []

[21]
Underfull \vbox (badness 1983) has occurred while \output is active []

[22 <./Dasha-Asienga_StatThesis_files/figure-latex/fig1-1.pdf>]
Underfull \vbox (badness 10000) has occurred while \output is active []

[23]
LaTeX Font Info:    External font `lmex10' loaded for size
(Font)              <10> on input line 600.
LaTeX Font Info:    External font `lmex10' loaded for size
(Font)              <7> on input line 600.
LaTeX Font Info:    External font `lmex10' loaded for size
(Font)              <5> on input line 600.

Underfull \vbox (badness 10000) has occurred while \output is active []

[24]
LaTeX Font Info:    Trying to load font information for TS1+lmr on input line 6
10.
(/opt/amh/texlive/2023/texmf-dist/tex/latex/lm/ts1lmr.fd
File: ts1lmr.fd 2015/05/01 v1.6.1 Font defs for Latin Modern
)
Underfull \vbox (badness 10000) has occurred while \output is active []

[25{/opt/amh/texlive/2023/texmf-dist/fonts/enc/dvips/lm/lm-ts1.enc}] [26]
<figures/seldonian1.png, id=633, 705.63625pt x 154.5775pt>
File: figures/seldonian1.png Graphic file (type png)
<use figures/seldonian1.png>
Package pdftex.def Info: figures/seldonian1.png  used on input line 636.
(pdftex.def)             Requested size: 433.62pt x 94.99028pt.
[27 <./figures/seldonian1.png>]
Underfull \vbox (badness 10000) has occurred while \output is active []

[28] [29] [30]
Underfull \vbox (badness 10000) has occurred while \output is active []

[31]
Underfull \hbox (badness 10000) in paragraph at lines 721--722

 []

<Dasha-Asienga_StatThesis_files/figure-latex/fig2-1.pdf, id=673, 304.13625pt x 
204.765pt>
File: Dasha-Asienga_StatThesis_files/figure-latex/fig2-1.pdf Graphic file (type
 pdf)
<use Dasha-Asienga_StatThesis_files/figure-latex/fig2-1.pdf>
Package pdftex.def Info: Dasha-Asienga_StatThesis_files/figure-latex/fig2-1.pdf
  used on input line 731.
(pdftex.def)             Requested size: 304.1355pt x 204.76448pt.

Underfull \vbox (badness 10000) has occurred while \output is active []

[32] [33 <./Dasha-Asienga_StatThesis_files/figure-latex/fig2-1.pdf>]
LaTeX Font Info:    Trying to load font information for T1+lmtt on input line 7
45.
(/opt/amh/texlive/2023/texmf-dist/tex/latex/lm/t1lmtt.fd
File: t1lmtt.fd 2015/05/01 v1.6.1 Font defs for Latin Modern
)
<Dasha-Asienga_StatThesis_files/figure-latex/fig3-1.pdf, id=694, 309.155pt x 20
4.765pt>
File: Dasha-Asienga_StatThesis_files/figure-latex/fig3-1.pdf Graphic file (type
 pdf)
<use Dasha-Asienga_StatThesis_files/figure-latex/fig3-1.pdf>
Package pdftex.def Info: Dasha-Asienga_StatThesis_files/figure-latex/fig3-1.pdf
  used on input line 751.
(pdftex.def)             Requested size: 309.15424pt x 204.76448pt.
<Dasha-Asienga_StatThesis_files/figure-latex/fig4-1.pdf, id=698, 379.4175pt x 2
52.945pt>
File: Dasha-Asienga_StatThesis_files/figure-latex/fig4-1.pdf Graphic file (type
 pdf)
<use Dasha-Asienga_StatThesis_files/figure-latex/fig4-1.pdf>
Package pdftex.def Info: Dasha-Asienga_StatThesis_files/figure-latex/fig4-1.pdf
  used on input line 765.
(pdftex.def)             Requested size: 379.41656pt x 252.94438pt.
<Dasha-Asienga_StatThesis_files/figure-latex/fig5-3.pdf, id=699, 379.4175pt x 2
52.945pt>
File: Dasha-Asienga_StatThesis_files/figure-latex/fig5-3.pdf Graphic file (type
 pdf)
<use Dasha-Asienga_StatThesis_files/figure-latex/fig5-3.pdf>
Package pdftex.def Info: Dasha-Asienga_StatThesis_files/figure-latex/fig5-3.pdf
  used on input line 773.
(pdftex.def)             Requested size: 379.41656pt x 252.94438pt.
[34 <./Dasha-Asienga_StatThesis_files/figure-latex/fig3-1.pdf>]
<Dasha-Asienga_StatThesis_files/figure-latex/fig6-5.pdf, id=716, 379.4175pt x 2
52.945pt>
File: Dasha-Asienga_StatThesis_files/figure-latex/fig6-5.pdf Graphic file (type
 pdf)
<use Dasha-Asienga_StatThesis_files/figure-latex/fig6-5.pdf>
Package pdftex.def Info: Dasha-Asienga_StatThesis_files/figure-latex/fig6-5.pdf
  used on input line 781.
(pdftex.def)             Requested size: 379.41656pt x 252.94438pt.
<Dasha-Asienga_StatThesis_files/figure-latex/fig7-7.pdf, id=717, 379.4175pt x 2
52.945pt>
File: Dasha-Asienga_StatThesis_files/figure-latex/fig7-7.pdf Graphic file (type
 pdf)
<use Dasha-Asienga_StatThesis_files/figure-latex/fig7-7.pdf>
Package pdftex.def Info: Dasha-Asienga_StatThesis_files/figure-latex/fig7-7.pdf
  used on input line 789.
(pdftex.def)             Requested size: 379.41656pt x 252.94438pt.

Underfull \vbox (badness 10000) has occurred while \output is active []

[35 <./Dasha-Asienga_StatThesis_files/figure-latex/fig4-1.pdf> <./Dasha-Asienga
_StatThesis_files/figure-latex/fig5-3.pdf>] [36 <./Dasha-Asienga_StatThesis_fil
es/figure-latex/fig6-5.pdf> <./Dasha-Asienga_StatThesis_files/figure-latex/fig7
-7.pdf>] [37]
Underfull \hbox (badness 10000) in paragraph at lines 812--813

 []

[38]
Chapter 3.

Underfull \vbox (badness 10000) has occurred while \output is active []

[39

] [40]
<Dasha-Asienga_StatThesis_files/figure-latex/ch3fig1-1.pdf, id=927, 429.605pt x
 206.7725pt>
File: Dasha-Asienga_StatThesis_files/figure-latex/ch3fig1-1.pdf Graphic file (t
ype pdf)
<use Dasha-Asienga_StatThesis_files/figure-latex/ch3fig1-1.pdf>
Package pdftex.def Info: Dasha-Asienga_StatThesis_files/figure-latex/ch3fig1-1.
pdf  used on input line 846.
(pdftex.def)             Requested size: 429.60394pt x 206.77199pt.
<Dasha-Asienga_StatThesis_files/figure-latex/ch3fig2-1.pdf, id=929, 427.5975pt 
x 424.58624pt>
File: Dasha-Asienga_StatThesis_files/figure-latex/ch3fig2-1.pdf Graphic file (t
ype pdf)
<use Dasha-Asienga_StatThesis_files/figure-latex/ch3fig2-1.pdf>
Package pdftex.def Info: Dasha-Asienga_StatThesis_files/figure-latex/ch3fig2-1.
pdf  used on input line 858.
(pdftex.def)             Requested size: 427.59645pt x 424.5852pt.
[41 <./Dasha-Asienga_StatThesis_files/figure-latex/ch3fig1-1.pdf>]
<Dasha-Asienga_StatThesis_files/figure-latex/ch3fig3-1.pdf, id=945, 319.1925pt 
x 171.64125pt>
File: Dasha-Asienga_StatThesis_files/figure-latex/ch3fig3-1.pdf Graphic file (t
ype pdf)
<use Dasha-Asienga_StatThesis_files/figure-latex/ch3fig3-1.pdf>
Package pdftex.def Info: Dasha-Asienga_StatThesis_files/figure-latex/ch3fig3-1.
pdf  used on input line 870.
(pdftex.def)             Requested size: 319.19171pt x 171.64081pt.

Underfull \vbox (badness 10000) has occurred while \output is active []

[42 <./Dasha-Asienga_StatThesis_files/figure-latex/ch3fig2-1.pdf>]
<Dasha-Asienga_StatThesis_files/figure-latex/ch3fig4-1.pdf, id=959, 319.1925pt 
x 168.63pt>
File: Dasha-Asienga_StatThesis_files/figure-latex/ch3fig4-1.pdf Graphic file (t
ype pdf)
<use Dasha-Asienga_StatThesis_files/figure-latex/ch3fig4-1.pdf>
Package pdftex.def Info: Dasha-Asienga_StatThesis_files/figure-latex/ch3fig4-1.
pdf  used on input line 882.
(pdftex.def)             Requested size: 319.19171pt x 168.62958pt.

Underfull \vbox (badness 10000) has occurred while \output is active []

[43 <./Dasha-Asienga_StatThesis_files/figure-latex/ch3fig3-1.pdf>]
<Dasha-Asienga_StatThesis_files/figure-latex/ch3fig5-1.pdf, id=976, 423.5825pt 
x 204.765pt>
File: Dasha-Asienga_StatThesis_files/figure-latex/ch3fig5-1.pdf Graphic file (t
ype pdf)
<use Dasha-Asienga_StatThesis_files/figure-latex/ch3fig5-1.pdf>
Package pdftex.def Info: Dasha-Asienga_StatThesis_files/figure-latex/ch3fig5-1.
pdf  used on input line 899.
(pdftex.def)             Requested size: 423.58147pt x 204.76448pt.
[44 <./Dasha-Asienga_StatThesis_files/figure-latex/ch3fig4-1.pdf>]
<Dasha-Asienga_StatThesis_files/figure-latex/ch3fig6-1.pdf, id=991, 421.575pt x
 316.18124pt>
File: Dasha-Asienga_StatThesis_files/figure-latex/ch3fig6-1.pdf Graphic file (t
ype pdf)
<use Dasha-Asienga_StatThesis_files/figure-latex/ch3fig6-1.pdf>
Package pdftex.def Info: Dasha-Asienga_StatThesis_files/figure-latex/ch3fig6-1.
pdf  used on input line 911.
(pdftex.def)             Requested size: 421.57396pt x 316.18047pt.

Underfull \vbox (badness 10000) has occurred while \output is active []

[45 <./Dasha-Asienga_StatThesis_files/figure-latex/ch3fig5-1.pdf>]
<Dasha-Asienga_StatThesis_files/figure-latex/ch3fig7-1.pdf, id=1006, 295.1025pt
 x 191.71625pt>
File: Dasha-Asienga_StatThesis_files/figure-latex/ch3fig7-1.pdf Graphic file (t
ype pdf)
<use Dasha-Asienga_StatThesis_files/figure-latex/ch3fig7-1.pdf>
Package pdftex.def Info: Dasha-Asienga_StatThesis_files/figure-latex/ch3fig7-1.
pdf  used on input line 923.
(pdftex.def)             Requested size: 295.10176pt x 191.71577pt.
[46 <./Dasha-Asienga_StatThesis_files/figure-latex/ch3fig6-1.pdf>]
<Dasha-Asienga_StatThesis_files/figure-latex/ch3fig8-1.pdf, id=1026, 319.1925pt
 x 280.04625pt>
File: Dasha-Asienga_StatThesis_files/figure-latex/ch3fig8-1.pdf Graphic file (t
ype pdf)
<use Dasha-Asienga_StatThesis_files/figure-latex/ch3fig8-1.pdf>
Package pdftex.def Info: Dasha-Asienga_StatThesis_files/figure-latex/ch3fig8-1.
pdf  used on input line 942.
(pdftex.def)             Requested size: 319.19171pt x 280.04555pt.
[47 <./Dasha-Asienga_StatThesis_files/figure-latex/ch3fig7-1.pdf>]
<Dasha-Asienga_StatThesis_files/figure-latex/ch3fig9-1.pdf, id=1042, 313.17pt x
 171.64125pt>
File: Dasha-Asienga_StatThesis_files/figure-latex/ch3fig9-1.pdf Graphic file (t
ype pdf)
<use Dasha-Asienga_StatThesis_files/figure-latex/ch3fig9-1.pdf>
Package pdftex.def Info: Dasha-Asienga_StatThesis_files/figure-latex/ch3fig9-1.
pdf  used on input line 951.
(pdftex.def)             Requested size: 313.16922pt x 171.64081pt.
[48 <./Dasha-Asienga_StatThesis_files/figure-latex/ch3fig8-1.pdf>]
Underfull \hbox (badness 10000) in paragraph at lines 961--976

 []

[49 <./Dasha-Asienga_StatThesis_files/figure-latex/ch3fig9-1.pdf>] [50]
Overfull \hbox (37.65727pt too wide) in paragraph at lines 986--994
 [][] 
 []

<Dasha-Asienga_StatThesis_files/figure-latex/ch3fig11-1.pdf, id=1077, 427.5975p
t x 171.64125pt>
File: Dasha-Asienga_StatThesis_files/figure-latex/ch3fig11-1.pdf Graphic file (
type pdf)
<use Dasha-Asienga_StatThesis_files/figure-latex/ch3fig11-1.pdf>
Package pdftex.def Info: Dasha-Asienga_StatThesis_files/figure-latex/ch3fig11-1
.pdf  used on input line 997.
(pdftex.def)             Requested size: 427.59645pt x 171.64081pt.

Underfull \vbox (badness 10000) has occurred while \output is active []

[51]
<Dasha-Asienga_StatThesis_files/figure-latex/ch3fig10-1.pdf, id=1085, 427.5975p
t x 566.115pt>
File: Dasha-Asienga_StatThesis_files/figure-latex/ch3fig10-1.pdf Graphic file (
type pdf)
<use Dasha-Asienga_StatThesis_files/figure-latex/ch3fig10-1.pdf>
Package pdftex.def Info: Dasha-Asienga_StatThesis_files/figure-latex/ch3fig10-1
.pdf  used on input line 1011.
(pdftex.def)             Requested size: 427.59645pt x 566.11362pt.

Underfull \vbox (badness 1609) has occurred while \output is active []

[52 <./Dasha-Asienga_StatThesis_files/figure-latex/ch3fig11-1.pdf>] [53 <./Dash
a-Asienga_StatThesis_files/figure-latex/ch3fig10-1.pdf>]
<Dasha-Asienga_StatThesis_files/figure-latex/ch3fig13-1.pdf, id=1111, 421.575pt
 x 168.63pt>
File: Dasha-Asienga_StatThesis_files/figure-latex/ch3fig13-1.pdf Graphic file (
type pdf)
<use Dasha-Asienga_StatThesis_files/figure-latex/ch3fig13-1.pdf>
Package pdftex.def Info: Dasha-Asienga_StatThesis_files/figure-latex/ch3fig13-1
.pdf  used on input line 1022.
(pdftex.def)             Requested size: 421.57396pt x 168.62958pt.
[54 <./Dasha-Asienga_StatThesis_files/figure-latex/ch3fig13-1.pdf>]
Underfull \vbox (badness 10000) has occurred while \output is active []

[55]
<Dasha-Asienga_StatThesis_files/figure-latex/ch3fig12-1.pdf, id=1137, 176.66pt 
x 143.53625pt>
File: Dasha-Asienga_StatThesis_files/figure-latex/ch3fig12-1.pdf Graphic file (
type pdf)
<use Dasha-Asienga_StatThesis_files/figure-latex/ch3fig12-1.pdf>
Package pdftex.def Info: Dasha-Asienga_StatThesis_files/figure-latex/ch3fig12-1
.pdf  used on input line 1050.
(pdftex.def)             Requested size: 176.65956pt x 143.53589pt.

Underfull \vbox (badness 10000) has occurred while \output is active []

[56 <./Dasha-Asienga_StatThesis_files/figure-latex/ch3fig12-1.pdf>]
Underfull \vbox (badness 10000) has occurred while \output is active []

[57] [58] [59]
Overfull \hbox (29.80731pt too wide) detected at line 1119
[][][]\OML/lmm/m/it/12 P\OMS/lmsy/m/n/12 f\OML/lmm/m/it/12 abs\OT1/lmr/m/n/12 [
(\OML/lmm/m/it/12 FPR\OMS/lmsy/m/n/12 j[] ^^@ \OML/lmm/m/it/12 FPR\OMS/lmsy/m/n
/12 j[]\OT1/lmr/m/n/12 ) + (\OML/lmm/m/it/12 FNR\OMS/lmsy/m/n/12 j[] ^^@ \OML/l
mm/m/it/12 FNR\OMS/lmsy/m/n/12 j[]\OT1/lmr/m/n/12 )] \OMS/lmsy/m/n/12 ^^@ \OML/
lmm/m/it/12 ^^O \OMS/lmsy/m/n/12 ^^T \OT1/lmr/m/n/12 0\OMS/lmsy/m/n/12 g ^^U \O
T1/lmr/m/n/12 1 \OMS/lmsy/m/n/12 ^^@ \OML/lmm/m/it/12 ^^N[]^^N \OT1/lmr/m/n/12 
= 0\OML/lmm/m/it/12 :\OT1/lmr/m/n/12 05\OML/lmm/m/it/12 :
 []


Underfull \hbox (badness 10000) in paragraph at lines 1125--1178

 []

[60] [61] [62]
Chapter 4.

Underfull \vbox (badness 10000) has occurred while \output is active []

[63

] [64]
LaTeX Font Info:    Font shape `T1/lmtt/bx/n' in size <12> not available
(Font)              Font shape `T1/lmtt/b/n' tried instead on input line 1211.
LaTeX Font Info:    Trying to load font information for TS1+lmtt on input line 
1238.
(/opt/amh/texlive/2023/texmf-dist/tex/latex/lm/ts1lmtt.fd
File: ts1lmtt.fd 2015/05/01 v1.6.1 Font defs for Latin Modern
) [65] [66]

LaTeX Warning: Reference `tab:ch4table1' on page 67 undefined on input line 131
1.


Underfull \hbox (badness 10000) in paragraph at lines 1315--1316

 []

[67] [68] [69]
Underfull \vbox (badness 10000) has occurred while \output is active []

[70] [71] [72

]
Appendix A.

Underfull \hbox (badness 1810) in paragraph at lines 1362--1362
|[]\T1/lmr/bx/n/17.28 (+20) Sufficiency v Sep-a-ra-tion Fair-ness
 []


Underfull \vbox (badness 10000) has occurred while \output is active []

[73]
Underfull \hbox (badness 10000) in paragraph at lines 1388--1389

 []


Underfull \vbox (badness 10000) has occurred while \output is active []

[74] [75]
<Dasha-Asienga_StatThesis_files/figure-latex/unnamed-chunk-50-1.pdf, id=1279, 4
63.7325pt x 315.1775pt>
File: Dasha-Asienga_StatThesis_files/figure-latex/unnamed-chunk-50-1.pdf Graphi
c file (type pdf)
<use Dasha-Asienga_StatThesis_files/figure-latex/unnamed-chunk-50-1.pdf>
Package pdftex.def Info: Dasha-Asienga_StatThesis_files/figure-latex/unnamed-ch
unk-50-1.pdf  used on input line 1479.
(pdftex.def)             Requested size: 463.73135pt x 315.17673pt.

Overfull \hbox (30.11136pt too wide) in paragraph at lines 1479--1479
 [] 
 []

[76] [77 <./Dasha-Asienga_StatThesis_files/figure-latex/unnamed-chunk-50-1.pdf>
] [78

]
Appendix B.
[79] [80] [81] [82] [83] [84]
Overfull \hbox (32.1639pt too wide) detected at line 1692
\OML/lmm/m/it/12 ^^R[] \OMS/lmsy/m/n/12 2 \OML/lmm/m/it/12 arg [] []
 []

[85] [86] [87]
Underfull \vbox (badness 10000) has occurred while \output is active []

[88]
Underfull \vbox (badness 2285) has occurred while \output is active []

[89]
Underfull \hbox (badness 5985) in paragraph at lines 1913--1915
[]\T1/lmtt/m/n/12 seldonian_solutions_found\T1/lmr/m/n/12 (+20) : stores whethe
r a so-lu-tion was found
 []

[90] [91] [92] [93] [94] [95] [96

]
Appendix C.
[97]
Underfull \vbox (badness 10000) detected at line 2264
 []


Underfull \vbox (badness 10000) detected at line 2264
 []

[98] [99] [100

]
Appendix D.
[101] [102]
Appendix E.

Underfull \hbox (badness 7186) in paragraph at lines 2304--2304
|[]\T1/lmr/bx/n/17.28 (+20) Seldionian Clas-si-fi-ca-tion on the
 []

[103

] [104] [105] [106] [107] [108]
Underfull \vbox (badness 10000) has occurred while \output is active []

[109


]
Underfull \hbox (badness 1776) in paragraph at lines 2587--2589
 \T1/lmr/m/n/12 (+20) task force on ar-ti-fi-cial in-tel-li-gence hear-ing: ``E
q-ui-table al-go-rithms: Ex-
 []


Underfull \hbox (badness 1472) in paragraph at lines 2587--2589
 \T1/lmr/m/n/12 (+20) am-in-ing ways to re-duce AI bias in fi-nan-cial ser-vice
s.'' Re-trieved from
 []


Underfull \hbox (badness 10000) in paragraph at lines 2587--2589
 [][]$\T1/lmtt/m/n/12 https : / / www . congress . gov / 116 / meeting / house 
/ 110499 / witnesses / HHRG -[]
 []


Underfull \vbox (badness 10000) has occurred while \output is active []

[110] [111] (./Dasha-Asienga_StatThesis.aux)

LaTeX Warning: There were undefined references.


LaTeX Warning: There were multiply-defined labels.

Package rerunfilecheck Info: File `Dasha-Asienga_StatThesis.out' has not change
d.
(rerunfilecheck)             Checksum: DD02A14F9C0BA74EC3E9F7983758B934;11713.
 )
(\end occurred inside a group at level 1)

### semi simple group (level 1) entered at line 260 (\begingroup)
### bottom level 
Here is how much of TeX's memory you used:
 18242 strings out of 476017
 303161 string characters out of 5765823
 1867666 words of memory out of 5000000
 37722 multiletter control sequences out of 15000+600000
 606177 words of font info for 215 fonts, out of 8000000 for 9000
 1141 hyphenation exceptions out of 8191
 75i,12n,76p,2959b,899s stack positions out of 10000i,1000n,20000p,200000b,200000s
</opt/amh/texlive/2023/texmf-dist/fonts/type1/public/lm/lmbx12.
pfb></opt/amh/texlive/2023/texmf-dist/fonts/type1/public/lm/lmbx8.pfb></opt/amh
/texlive/2023/texmf-dist/fonts/type1/public/lm/lmcsc10.pfb></opt/amh/texlive/20
23/texmf-dist/fonts/type1/public/lm/lmex10.pfb></opt/amh/texlive/2023/texmf-dis
t/fonts/type1/public/lm/lmmi12.pfb></opt/amh/texlive/2023/texmf-dist/fonts/type
1/public/lm/lmmi6.pfb></opt/amh/texlive/2023/texmf-dist/fonts/type1/public/lm/l
mmi8.pfb></opt/amh/texlive/2023/texmf-dist/fonts/type1/public/lm/lmr10.pfb></op
t/amh/texlive/2023/texmf-dist/fonts/type1/public/lm/lmr12.pfb></opt/amh/texlive
/2023/texmf-dist/fonts/type1/public/lm/lmr17.pfb></opt/amh/texlive/2023/texmf-d
ist/fonts/type1/public/lm/lmr6.pfb></opt/amh/texlive/2023/texmf-dist/fonts/type
1/public/lm/lmr7.pfb></opt/amh/texlive/2023/texmf-dist/fonts/type1/public/lm/lm
r8.pfb></opt/amh/texlive/2023/texmf-dist/fonts/type1/public/lm/lmri12.pfb></opt
/amh/texlive/2023/texmf-dist/fonts/type1/public/lm/lmsy10.pfb></opt/amh/texlive
/2023/texmf-dist/fonts/type1/public/lm/lmsy8.pfb></opt/amh/texlive/2023/texmf-d
ist/fonts/type1/public/lm/lmtk10.pfb></opt/amh/texlive/2023/texmf-dist/fonts/ty
pe1/public/lm/lmtt12.pfb></opt/amh/texlive/2023/texmf-dist/fonts/type1/public/l
m/lmtti10.pfb></opt/amh/texlive/2023/texmf-dist/fonts/type1/public/amsfonts/sym
bols/msam10.pfb></opt/amh/texlive/2023/texmf-dist/fonts/type1/public/amsfonts/s
ymbols/msbm10.pfb>
Output written on Dasha-Asienga_StatThesis.pdf (125 pages, 2015873 bytes).
PDF statistics:
 1667 PDF objects out of 1728 (max. 8388607)
 1284 compressed objects within 13 object streams
 345 named destinations out of 1000 (max. 500000)
 49731 words of extra memory for PDF output out of 51595 (max. 10000000)

